desc: --massif-out-file=scripts/valgrind_logs/def_gar1-1.out
cmd: ./bin/Debug/graphiC scripts/1-high_mortality_rate.txt
time_unit: i
#-----------
snapshot=0
#-----------
time=0
mem_heap_B=0
mem_heap_extra_B=0
mem_stacks_B=0
heap_tree=empty
#-----------
snapshot=1
#-----------
time=3385839
mem_heap_B=73728
mem_heap_extra_B=8
mem_stacks_B=0
heap_tree=empty
#-----------
snapshot=2
#-----------
time=6388208
mem_heap_B=276762
mem_heap_extra_B=21646
mem_stacks_B=0
heap_tree=empty
#-----------
snapshot=3
#-----------
time=11927664
mem_heap_B=662810
mem_heap_extra_B=61582
mem_stacks_B=0
heap_tree=empty
#-----------
snapshot=4
#-----------
time=14783946
mem_heap_B=861866
mem_heap_extra_B=82174
mem_stacks_B=0
heap_tree=empty
#-----------
snapshot=5
#-----------
time=18546361
mem_heap_B=1124074
mem_heap_extra_B=109254
mem_stacks_B=0
heap_tree=peak
n3: 1124074 (heap allocation functions) malloc/new/new[], --alloc-fns, etc.
 n3: 1048559 0x400D83F: reallocate (memory.c:59)
  n1: 866112 0x40102E6: adjustCapacity (table.c:61)
   n2: 866112 0x40104C8: tableSet (table.c:86)
    n1: 864576 0x400E575: nativeVector2 (natives.c:13)
     n1: 864576 0x401145F: callValue (vm.c:178)
      n1: 864576 0x4012851: run (vm.c:435)
       n1: 864576 0x4012A78: interpret (vm.c:478)
        n1: 864576 0x400D5FD: runFile (main.c:59)
         n0: 864576 0x400D673: main (main.c:73)
    n0: 1536 in 3 places, all below massif's threshold (1.00%)
  n2: 181520 0x400EFE3: allocateObject (object.c:15)
   n1: 180160 0x400F13F: newInstance (object.c:53)
    n1: 180160 0x400E525: nativeVector2 (natives.c:9)
     n1: 180160 0x401145F: callValue (vm.c:178)
      n1: 180160 0x4012851: run (vm.c:435)
       n1: 180160 0x4012A78: interpret (vm.c:478)
        n1: 180160 0x400D5FD: runFile (main.c:59)
         n0: 180160 0x400D673: main (main.c:73)
   n0: 1360 in 4 places, all below massif's threshold (1.00%)
  n0: 927 in 4 places, all below massif's threshold (1.00%)
 n1: 73728 0x4C94B03: pool (eh_alloc.cc:235)
  n1: 73728 0x4C94B03: __static_initialization_and_destruction_0 (eh_alloc.cc:373)
   n1: 73728 0x4C94B03: _GLOBAL__sub_I_eh_alloc.cc (eh_alloc.cc:456)
    n1: 73728 0x41FE2A6: ??? (in /usr/lib/ld-linux-x86-64.so.2)
     n1: 73728 0x41FE37C: ??? (in /usr/lib/ld-linux-x86-64.so.2)
      n1: 73728 0x4216C9F: ??? (in /usr/lib/ld-linux-x86-64.so.2)
       n1: 73728 0x1: ???
        n1: 73728 0x1FFF0003A2: ???
         n0: 73728 0x1FFF0003B6: ???
 n0: 1787 in 7 places, all below massif's threshold (1.00%)
#-----------
snapshot=6
#-----------
time=22718741
mem_heap_B=303258
mem_heap_extra_B=24358
mem_stacks_B=0
heap_tree=empty
#-----------
snapshot=7
#-----------
time=25488469
mem_heap_B=496282
mem_heap_extra_B=44326
mem_stacks_B=0
heap_tree=detailed
n3: 496282 (heap allocation functions) malloc/new/new[], --alloc-fns, etc.
 n3: 420767 0x400D83F: reallocate (memory.c:59)
  n1: 346560 0x40102E6: adjustCapacity (table.c:61)
   n2: 346560 0x40104C8: tableSet (table.c:86)
    n1: 345024 0x400E575: nativeVector2 (natives.c:13)
     n1: 345024 0x401145F: callValue (vm.c:178)
      n1: 345024 0x4012851: run (vm.c:435)
       n1: 345024 0x4012A78: interpret (vm.c:478)
        n1: 345024 0x400D5FD: runFile (main.c:59)
         n0: 345024 0x400D673: main (main.c:73)
    n0: 1536 in 3 places, all below massif's threshold (1.00%)
  n2: 73280 0x400EFE3: allocateObject (object.c:15)
   n1: 71920 0x400F13F: newInstance (object.c:53)
    n1: 71920 0x400E525: nativeVector2 (natives.c:9)
     n1: 71920 0x401145F: callValue (vm.c:178)
      n1: 71920 0x4012851: run (vm.c:435)
       n1: 71920 0x4012A78: interpret (vm.c:478)
        n1: 71920 0x400D5FD: runFile (main.c:59)
         n0: 71920 0x400D673: main (main.c:73)
   n0: 1360 in 4 places, all below massif's threshold (1.00%)
  n0: 927 in 4 places, all below massif's threshold (1.00%)
 n1: 73728 0x4C94B03: pool (eh_alloc.cc:235)
  n1: 73728 0x4C94B03: __static_initialization_and_destruction_0 (eh_alloc.cc:373)
   n1: 73728 0x4C94B03: _GLOBAL__sub_I_eh_alloc.cc (eh_alloc.cc:456)
    n1: 73728 0x41FE2A6: ??? (in /usr/lib/ld-linux-x86-64.so.2)
     n1: 73728 0x41FE37C: ??? (in /usr/lib/ld-linux-x86-64.so.2)
      n1: 73728 0x4216C9F: ??? (in /usr/lib/ld-linux-x86-64.so.2)
       n1: 73728 0x1: ???
        n1: 73728 0x1FFF0003A2: ???
         n0: 73728 0x1FFF0003B6: ???
 n0: 1787 in 7 places, all below massif's threshold (1.00%)
#-----------
snapshot=8
#-----------
time=28884049
mem_heap_B=732922
mem_heap_extra_B=68806
mem_stacks_B=0
heap_tree=empty
#-----------
snapshot=9
#-----------
time=33464753
mem_heap_B=1052154
mem_heap_extra_B=101830
mem_stacks_B=0
heap_tree=empty
#-----------
snapshot=10
#-----------
time=36614317
mem_heap_B=159882
mem_heap_extra_B=9526
mem_stacks_B=0
heap_tree=empty
#-----------
snapshot=11
#-----------
time=41195021
mem_heap_B=479114
mem_heap_extra_B=42550
mem_stacks_B=0
heap_tree=detailed
n3: 479114 (heap allocation functions) malloc/new/new[], --alloc-fns, etc.
 n3: 403599 0x400D83F: reallocate (memory.c:59)
  n1: 332352 0x40102E6: adjustCapacity (table.c:61)
   n2: 332352 0x40104C8: tableSet (table.c:86)
    n1: 330816 0x400E575: nativeVector2 (natives.c:13)
     n1: 330816 0x401145F: callValue (vm.c:178)
      n1: 330816 0x4012851: run (vm.c:435)
       n1: 330816 0x4012A78: interpret (vm.c:478)
        n1: 330816 0x400D5FD: runFile (main.c:59)
         n0: 330816 0x400D673: main (main.c:73)
    n0: 1536 in 3 places, all below massif's threshold (1.00%)
  n2: 70320 0x400EFE3: allocateObject (object.c:15)
   n1: 68960 0x400F13F: newInstance (object.c:53)
    n1: 68960 0x400E525: nativeVector2 (natives.c:9)
     n1: 68960 0x401145F: callValue (vm.c:178)
      n1: 68960 0x4012851: run (vm.c:435)
       n1: 68960 0x4012A78: interpret (vm.c:478)
        n1: 68960 0x400D5FD: runFile (main.c:59)
         n0: 68960 0x400D673: main (main.c:73)
   n0: 1360 in 4 places, all below massif's threshold (1.00%)
  n0: 927 in 4 places, all below massif's threshold (1.00%)
 n1: 73728 0x4C94B03: pool (eh_alloc.cc:235)
  n1: 73728 0x4C94B03: __static_initialization_and_destruction_0 (eh_alloc.cc:373)
   n1: 73728 0x4C94B03: _GLOBAL__sub_I_eh_alloc.cc (eh_alloc.cc:456)
    n1: 73728 0x41FE2A6: ??? (in /usr/lib/ld-linux-x86-64.so.2)
     n1: 73728 0x41FE37C: ??? (in /usr/lib/ld-linux-x86-64.so.2)
      n1: 73728 0x4216C9F: ??? (in /usr/lib/ld-linux-x86-64.so.2)
       n1: 73728 0x1: ???
        n1: 73728 0x1FFF0003A2: ???
         n0: 73728 0x1FFF0003B6: ???
 n0: 1787 in 7 places, all below massif's threshold (1.00%)
#-----------
snapshot=12
#-----------
time=44810315
mem_heap_B=731066
mem_heap_extra_B=68614
mem_stacks_B=0
heap_tree=empty
#-----------
snapshot=13
#-----------
time=48485531
mem_heap_B=987194
mem_heap_extra_B=95126
mem_stacks_B=0
heap_tree=empty
#-----------
snapshot=14
#-----------
time=51702042
mem_heap_B=100026
mem_heap_extra_B=3334
mem_stacks_B=0
heap_tree=empty
#-----------
snapshot=15
#-----------
time=55377258
mem_heap_B=356154
mem_heap_extra_B=29830
mem_stacks_B=0
heap_tree=empty
#-----------
snapshot=16
#-----------
time=59052474
mem_heap_B=612282
mem_heap_extra_B=56326
mem_stacks_B=0
heap_tree=detailed
n3: 612282 (heap allocation functions) malloc/new/new[], --alloc-fns, etc.
 n3: 536767 0x400D83F: reallocate (memory.c:59)
  n1: 442560 0x40102E6: adjustCapacity (table.c:61)
   n2: 442560 0x40104C8: tableSet (table.c:86)
    n1: 441024 0x400E575: nativeVector2 (natives.c:13)
     n1: 441024 0x401145F: callValue (vm.c:178)
      n1: 441024 0x4012851: run (vm.c:435)
       n1: 441024 0x4012A78: interpret (vm.c:478)
        n1: 441024 0x400D5FD: runFile (main.c:59)
         n0: 441024 0x400D673: main (main.c:73)
    n0: 1536 in 3 places, all below massif's threshold (1.00%)
  n2: 93280 0x400EFE3: allocateObject (object.c:15)
   n1: 91920 0x400F13F: newInstance (object.c:53)
    n1: 91920 0x400E525: nativeVector2 (natives.c:9)
     n1: 91920 0x401145F: callValue (vm.c:178)
      n1: 91920 0x4012851: run (vm.c:435)
       n1: 91920 0x4012A78: interpret (vm.c:478)
        n1: 91920 0x400D5FD: runFile (main.c:59)
         n0: 91920 0x400D673: main (main.c:73)
   n0: 1360 in 4 places, all below massif's threshold (1.00%)
  n0: 927 in 4 places, all below massif's threshold (1.00%)
 n1: 73728 0x4C94B03: pool (eh_alloc.cc:235)
  n1: 73728 0x4C94B03: __static_initialization_and_destruction_0 (eh_alloc.cc:373)
   n1: 73728 0x4C94B03: _GLOBAL__sub_I_eh_alloc.cc (eh_alloc.cc:456)
    n1: 73728 0x41FE2A6: ??? (in /usr/lib/ld-linux-x86-64.so.2)
     n1: 73728 0x41FE37C: ??? (in /usr/lib/ld-linux-x86-64.so.2)
      n1: 73728 0x4216C9F: ??? (in /usr/lib/ld-linux-x86-64.so.2)
       n1: 73728 0x1: ???
        n1: 73728 0x1FFF0003A2: ???
         n0: 73728 0x1FFF0003B6: ???
 n0: 1787 in 7 places, all below massif's threshold (1.00%)
#-----------
snapshot=17
#-----------
time=62727690
mem_heap_B=868410
mem_heap_extra_B=82822
mem_stacks_B=0
heap_tree=empty
#-----------
snapshot=18
#-----------
time=66755867
mem_heap_B=736906
mem_heap_extra_B=69230
mem_stacks_B=0
heap_tree=empty
#-----------
snapshot=19
#-----------
time=69352884
mem_heap_B=219042
mem_heap_extra_B=15646
mem_stacks_B=0
heap_tree=empty
#-----------
snapshot=20
#-----------
time=72815044
mem_heap_B=460322
mem_heap_extra_B=40606
mem_stacks_B=0
heap_tree=empty
#-----------
snapshot=21
#-----------
time=76277204
mem_heap_B=701602
mem_heap_extra_B=65566
mem_stacks_B=0
heap_tree=empty
#-----------
snapshot=22
#-----------
time=79739364
mem_heap_B=942882
mem_heap_extra_B=90526
mem_stacks_B=0
heap_tree=detailed
n3: 942882 (heap allocation functions) malloc/new/new[], --alloc-fns, etc.
 n3: 867367 0x400D83F: reallocate (memory.c:59)
  n1: 716160 0x40102E6: adjustCapacity (table.c:61)
   n2: 716160 0x40104C8: tableSet (table.c:86)
    n1: 714624 0x400E575: nativeVector2 (natives.c:13)
     n1: 714624 0x401145F: callValue (vm.c:178)
      n1: 714624 0x4012851: run (vm.c:435)
       n1: 714624 0x4012A78: interpret (vm.c:478)
        n1: 714624 0x400D5FD: runFile (main.c:59)
         n0: 714624 0x400D673: main (main.c:73)
    n0: 1536 in 3 places, all below massif's threshold (1.00%)
  n2: 150280 0x400EFE3: allocateObject (object.c:15)
   n1: 148920 0x400F13F: newInstance (object.c:53)
    n1: 148920 0x400E525: nativeVector2 (natives.c:9)
     n1: 148920 0x401145F: callValue (vm.c:178)
      n1: 148920 0x4012851: run (vm.c:435)
       n1: 148920 0x4012A78: interpret (vm.c:478)
        n1: 148920 0x400D5FD: runFile (main.c:59)
         n0: 148920 0x400D673: main (main.c:73)
   n0: 1360 in 4 places, all below massif's threshold (1.00%)
  n0: 927 in 4 places, all below massif's threshold (1.00%)
 n1: 73728 0x4C94B03: pool (eh_alloc.cc:235)
  n1: 73728 0x4C94B03: __static_initialization_and_destruction_0 (eh_alloc.cc:373)
   n1: 73728 0x4C94B03: _GLOBAL__sub_I_eh_alloc.cc (eh_alloc.cc:456)
    n1: 73728 0x41FE2A6: ??? (in /usr/lib/ld-linux-x86-64.so.2)
     n1: 73728 0x41FE37C: ??? (in /usr/lib/ld-linux-x86-64.so.2)
      n1: 73728 0x4216C9F: ??? (in /usr/lib/ld-linux-x86-64.so.2)
       n1: 73728 0x1: ???
        n1: 73728 0x1FFF0003A2: ???
         n0: 73728 0x1FFF0003B6: ???
 n0: 1787 in 7 places, all below massif's threshold (1.00%)
#-----------
snapshot=23
#-----------
time=83201612
mem_heap_B=189386
mem_heap_extra_B=12590
mem_stacks_B=0
heap_tree=empty
#-----------
snapshot=24
#-----------
time=85798415
mem_heap_B=254306
mem_heap_extra_B=19294
mem_stacks_B=0
heap_tree=empty
#-----------
snapshot=25
#-----------
time=89260575
mem_heap_B=495586
mem_heap_extra_B=44254
mem_stacks_B=0
heap_tree=empty
#-----------
snapshot=26
#-----------
time=92722735
mem_heap_B=736866
mem_heap_extra_B=69214
mem_stacks_B=0
heap_tree=empty
#-----------
snapshot=27
#-----------
time=96184895
mem_heap_B=978146
mem_heap_extra_B=94174
mem_stacks_B=0
heap_tree=empty
#-----------
snapshot=28
#-----------
time=99647377
mem_heap_B=109034
mem_heap_extra_B=4254
mem_stacks_B=0
heap_tree=empty
#-----------
snapshot=29
#-----------
time=103109537
mem_heap_B=350314
mem_heap_extra_B=29214
mem_stacks_B=0
heap_tree=empty
#-----------
snapshot=30
#-----------
time=106571697
mem_heap_B=591594
mem_heap_extra_B=54174
mem_stacks_B=0
heap_tree=empty
#-----------
snapshot=31
#-----------
time=111072505
mem_heap_B=905258
mem_heap_extra_B=86638
mem_stacks_B=0
heap_tree=empty
#-----------
snapshot=32
#-----------
time=115230007
mem_heap_B=84482
mem_heap_extra_B=1726
mem_stacks_B=0
heap_tree=empty
#-----------
snapshot=33
#-----------
time=120769463
mem_heap_B=470530
mem_heap_extra_B=41662
mem_stacks_B=0
heap_tree=empty
#-----------
snapshot=34
#-----------
time=126308919
mem_heap_B=856578
mem_heap_extra_B=81598
mem_stacks_B=0
heap_tree=empty
#-----------
snapshot=35
#-----------
time=129078647
mem_heap_B=1049602
mem_heap_extra_B=101566
mem_stacks_B=0
heap_tree=empty
#-----------
snapshot=36
#-----------
time=131851336
mem_heap_B=132738
mem_heap_extra_B=6734
mem_stacks_B=0
heap_tree=detailed
n3: 132738 (heap allocation functions) malloc/new/new[], --alloc-fns, etc.
 n1: 73728 0x4C94B03: pool (eh_alloc.cc:235)
  n1: 73728 0x4C94B03: __static_initialization_and_destruction_0 (eh_alloc.cc:373)
   n1: 73728 0x4C94B03: _GLOBAL__sub_I_eh_alloc.cc (eh_alloc.cc:456)
    n1: 73728 0x41FE2A6: ??? (in /usr/lib/ld-linux-x86-64.so.2)
     n1: 73728 0x41FE37C: ??? (in /usr/lib/ld-linux-x86-64.so.2)
      n1: 73728 0x4216C9F: ??? (in /usr/lib/ld-linux-x86-64.so.2)
       n1: 73728 0x1: ???
        n1: 73728 0x1FFF0003A2: ???
         n0: 73728 0x1FFF0003B6: ???
 n3: 57223 0x400D83F: reallocate (memory.c:59)
  n1: 45696 0x40102E6: adjustCapacity (table.c:61)
   n2: 45696 0x40104C8: tableSet (table.c:86)
    n1: 44160 0x400E575: nativeVector2 (natives.c:13)
     n1: 44160 0x401145F: callValue (vm.c:178)
      n1: 44160 0x4012851: run (vm.c:435)
       n1: 44160 0x4012A78: interpret (vm.c:478)
        n1: 44160 0x400D5FD: runFile (main.c:59)
         n0: 44160 0x400D673: main (main.c:73)
    n0: 1536 in 3 places, all below massif's threshold (1.00%)
  n2: 10600 0x400EFE3: allocateObject (object.c:15)
   n1: 9240 0x400F13F: newInstance (object.c:53)
    n1: 9240 0x400E525: nativeVector2 (natives.c:9)
     n1: 9240 0x401145F: callValue (vm.c:178)
      n1: 9240 0x4012851: run (vm.c:435)
       n1: 9240 0x4012A78: interpret (vm.c:478)
        n1: 9240 0x400D5FD: runFile (main.c:59)
         n0: 9240 0x400D673: main (main.c:73)
   n0: 1360 in 4 places, all below massif's threshold (1.00%)
  n0: 927 in 4 places, all below massif's threshold (1.00%)
 n0: 1787 in 7 places, all below massif's threshold (1.00%)
#-----------
snapshot=37
#-----------
time=137390792
mem_heap_B=518786
mem_heap_extra_B=46670
mem_stacks_B=0
heap_tree=empty
#-----------
snapshot=38
#-----------
time=142930248
mem_heap_B=904834
mem_heap_extra_B=86606
mem_stacks_B=0
heap_tree=empty
#-----------
snapshot=39
#-----------
time=147087588
mem_heap_B=84714
mem_heap_extra_B=1750
mem_stacks_B=0
heap_tree=empty
#-----------
snapshot=40
#-----------
time=152627044
mem_heap_B=470762
mem_heap_extra_B=41702
mem_stacks_B=0
heap_tree=empty
#-----------
snapshot=41
#-----------
time=155396772
mem_heap_B=663786
mem_heap_extra_B=61670
mem_stacks_B=0
heap_tree=empty
#-----------
snapshot=42
#-----------
time=158166500
mem_heap_B=856810
mem_heap_extra_B=81638
mem_stacks_B=0
heap_tree=empty
#-----------
snapshot=43
#-----------
time=160936228
mem_heap_B=1049834
mem_heap_extra_B=101606
mem_stacks_B=0
heap_tree=empty
#-----------
snapshot=44
#-----------
time=163708491
mem_heap_B=133434
mem_heap_extra_B=6790
mem_stacks_B=0
heap_tree=empty
#-----------
snapshot=45
#-----------
time=166478219
mem_heap_B=326458
mem_heap_extra_B=26758
mem_stacks_B=0
heap_tree=empty
#-----------
snapshot=46
#-----------
time=169247947
mem_heap_B=519482
mem_heap_extra_B=46742
mem_stacks_B=0
heap_tree=empty
#-----------
snapshot=47
#-----------
time=172017675
mem_heap_B=712506
mem_heap_extra_B=66726
mem_stacks_B=0
heap_tree=empty
#-----------
snapshot=48
#-----------
time=174787403
mem_heap_B=905530
mem_heap_extra_B=86694
mem_stacks_B=0
heap_tree=empty
#-----------
snapshot=49
#-----------
time=177557131
mem_heap_B=1098554
mem_heap_extra_B=106662
mem_stacks_B=0
heap_tree=empty
#-----------
snapshot=50
#-----------
time=180156073
mem_heap_B=170322
mem_heap_extra_B=10606
mem_stacks_B=0
heap_tree=empty
