desc: --massif-out-file=scripts/valgrind_logs/def_gar4-1.out
cmd: ./bin/Debug/graphiC scripts/4-write_barrier.txt
time_unit: i
#-----------
snapshot=0
#-----------
time=0
mem_heap_B=0
mem_heap_extra_B=0
mem_stacks_B=0
heap_tree=empty
#-----------
snapshot=1
#-----------
time=18075693
mem_heap_B=1124748
mem_heap_extra_B=109252
mem_stacks_B=0
heap_tree=peak
n3: 1124748 (heap allocation functions) malloc/new/new[], --alloc-fns, etc.
 n3: 1048546 0x400D83F: reallocate (memory.c:59)
  n1: 865536 0x40102E6: adjustCapacity (table.c:61)
   n2: 865536 0x40104C8: tableSet (table.c:86)
    n1: 863232 0x400E575: nativeVector2 (natives.c:13)
     n1: 863232 0x401145F: callValue (vm.c:178)
      n1: 863232 0x4012851: run (vm.c:435)
       n1: 863232 0x4012A78: interpret (vm.c:478)
        n1: 863232 0x400D5FD: runFile (main.c:59)
         n0: 863232 0x400D673: main (main.c:73)
    n0: 2304 in 3 places, all below massif's threshold (1.00%)
  n2: 181400 0x400EFE3: allocateObject (object.c:15)
   n1: 179880 0x400F13F: newInstance (object.c:53)
    n1: 179880 0x400E525: nativeVector2 (natives.c:9)
     n1: 179880 0x401145F: callValue (vm.c:178)
      n1: 179880 0x4012851: run (vm.c:435)
       n1: 179880 0x4012A78: interpret (vm.c:478)
        n1: 179880 0x400D5FD: runFile (main.c:59)
         n0: 179880 0x400D673: main (main.c:73)
   n0: 1520 in 4 places, all below massif's threshold (1.00%)
  n0: 1610 in 4 places, all below massif's threshold (1.00%)
 n1: 73728 0x4C94B03: pool (eh_alloc.cc:235)
  n1: 73728 0x4C94B03: __static_initialization_and_destruction_0 (eh_alloc.cc:373)
   n1: 73728 0x4C94B03: _GLOBAL__sub_I_eh_alloc.cc (eh_alloc.cc:456)
    n1: 73728 0x41FE2A6: ??? (in /usr/lib/ld-linux-x86-64.so.2)
     n1: 73728 0x41FE37C: ??? (in /usr/lib/ld-linux-x86-64.so.2)
      n1: 73728 0x4216C9F: ??? (in /usr/lib/ld-linux-x86-64.so.2)
       n1: 73728 0x1: ???
        n1: 73728 0x1FFF0003A6: ???
         n0: 73728 0x1FFF0003BA: ???
 n0: 2474 in 7 places, all below massif's threshold (1.00%)
#-----------
snapshot=2
#-----------
time=70232069
mem_heap_B=875348
mem_heap_extra_B=83468
mem_stacks_B=0
heap_tree=empty
#-----------
snapshot=3
#-----------
time=144120683
mem_heap_B=243844
mem_heap_extra_B=18140
mem_stacks_B=0
heap_tree=empty
#-----------
snapshot=4
#-----------
time=205808447
mem_heap_B=89332
mem_heap_extra_B=2156
mem_stacks_B=0
heap_tree=empty
#-----------
snapshot=5
#-----------
time=292251965
mem_heap_B=98380
mem_heap_extra_B=3092
mem_stacks_B=0
heap_tree=empty
#-----------
snapshot=6
#-----------
time=360052532
mem_heap_B=257532
mem_heap_extra_B=19572
mem_stacks_B=0
heap_tree=empty
#-----------
snapshot=7
#-----------
time=444132338
mem_heap_B=154060
mem_heap_extra_B=8852
mem_stacks_B=0
heap_tree=detailed
n3: 154060 (heap allocation functions) malloc/new/new[], --alloc-fns, etc.
 n3: 77858 0x400D83F: reallocate (memory.c:59)
  n1: 62208 0x40102E6: adjustCapacity (table.c:61)
   n2: 62208 0x40104C8: tableSet (table.c:86)
    n1: 59904 0x400E575: nativeVector2 (natives.c:13)
     n1: 59904 0x401145F: callValue (vm.c:178)
      n1: 59904 0x4012851: run (vm.c:435)
       n1: 59904 0x4012A78: interpret (vm.c:478)
        n1: 59904 0x400D5FD: runFile (main.c:59)
         n0: 59904 0x400D673: main (main.c:73)
    n0: 2304 in 3 places, all below massif's threshold (1.00%)
  n2: 14040 0x400EFE3: allocateObject (object.c:15)
   n1: 12520 0x400F13F: newInstance (object.c:53)
    n1: 12520 0x400E525: nativeVector2 (natives.c:9)
     n1: 12520 0x401145F: callValue (vm.c:178)
      n1: 12520 0x4012851: run (vm.c:435)
       n1: 12520 0x4012A78: interpret (vm.c:478)
        n1: 12520 0x400D5FD: runFile (main.c:59)
         n0: 12520 0x400D673: main (main.c:73)
   n0: 1520 in 4 places, all below massif's threshold (1.00%)
  n0: 1610 in 4 places, all below massif's threshold (1.00%)
 n1: 73728 0x4C94B03: pool (eh_alloc.cc:235)
  n1: 73728 0x4C94B03: __static_initialization_and_destruction_0 (eh_alloc.cc:373)
   n1: 73728 0x4C94B03: _GLOBAL__sub_I_eh_alloc.cc (eh_alloc.cc:456)
    n1: 73728 0x41FE2A6: ??? (in /usr/lib/ld-linux-x86-64.so.2)
     n1: 73728 0x41FE37C: ??? (in /usr/lib/ld-linux-x86-64.so.2)
      n1: 73728 0x4216C9F: ??? (in /usr/lib/ld-linux-x86-64.so.2)
       n1: 73728 0x1: ???
        n1: 73728 0x1FFF0003A6: ???
         n0: 73728 0x1FFF0003BA: ???
 n0: 2474 in 7 places, all below massif's threshold (1.00%)
#-----------
snapshot=8
#-----------
time=508426280
mem_heap_B=141300
mem_heap_extra_B=7580
mem_stacks_B=0
heap_tree=empty
#-----------
snapshot=9
#-----------
time=557881571
mem_heap_B=466796
mem_heap_extra_B=41236
mem_stacks_B=0
heap_tree=empty
#-----------
snapshot=10
#-----------
time=649431401
mem_heap_B=749140
mem_heap_extra_B=70460
mem_stacks_B=0
heap_tree=empty
#-----------
snapshot=11
#-----------
time=707689640
mem_heap_B=438260
mem_heap_extra_B=38268
mem_stacks_B=0
heap_tree=empty
#-----------
snapshot=12
#-----------
time=790919342
mem_heap_B=307412
mem_heap_extra_B=24732
mem_stacks_B=0
heap_tree=empty
#-----------
snapshot=13
#-----------
time=857496464
mem_heap_B=421556
mem_heap_extra_B=36540
mem_stacks_B=0
heap_tree=empty
#-----------
snapshot=14
#-----------
time=940720202
mem_heap_B=297204
mem_heap_extra_B=23708
mem_stacks_B=0
heap_tree=empty
#-----------
snapshot=15
#-----------
time=1007302043
mem_heap_B=416684
mem_heap_extra_B=36036
mem_stacks_B=0
heap_tree=empty
#-----------
snapshot=16
#-----------
time=1048920548
mem_heap_B=357756
mem_heap_extra_B=29972
mem_stacks_B=0
heap_tree=empty
#-----------
snapshot=17
#-----------
time=1123831742
mem_heap_B=901332
mem_heap_extra_B=86236
mem_stacks_B=0
heap_tree=empty
#-----------
snapshot=18
#-----------
time=1173780143
mem_heap_B=187004
mem_heap_extra_B=12308
mem_stacks_B=0
heap_tree=empty
#-----------
snapshot=19
#-----------
time=1240377935
mem_heap_B=315300
mem_heap_extra_B=25564
mem_stacks_B=0
heap_tree=empty
#-----------
snapshot=20
#-----------
time=1306973810
mem_heap_B=445684
mem_heap_extra_B=39036
mem_stacks_B=0
heap_tree=empty
#-----------
snapshot=21
#-----------
time=1348595543
mem_heap_B=393716
mem_heap_extra_B=33676
mem_stacks_B=0
heap_tree=empty
#-----------
snapshot=22
#-----------
time=1418161835
mem_heap_B=677684
mem_heap_extra_B=63052
mem_stacks_B=0
heap_tree=empty
#-----------
snapshot=23
#-----------
time=1501997669
mem_heap_B=609476
mem_heap_extra_B=56028
mem_stacks_B=0
heap_tree=empty
#-----------
snapshot=24
#-----------
time=1585830095
mem_heap_B=544980
mem_heap_extra_B=49356
mem_stacks_B=0
heap_tree=empty
#-----------
snapshot=25
#-----------
time=1641725450
mem_heap_B=146868
mem_heap_extra_B=8156
mem_stacks_B=0
heap_tree=empty
#-----------
snapshot=26
#-----------
time=1711595324
mem_heap_B=456356
mem_heap_extra_B=40204
mem_stacks_B=0
heap_tree=empty
#-----------
snapshot=27
#-----------
time=1781463281
mem_heap_B=767932
mem_heap_extra_B=72404
mem_stacks_B=0
heap_tree=empty
#-----------
snapshot=28
#-----------
time=1865303015
mem_heap_B=716428
mem_heap_extra_B=67076
mem_stacks_B=0
heap_tree=empty
#-----------
snapshot=29
#-----------
time=1949139341
mem_heap_B=668636
mem_heap_extra_B=62132
mem_stacks_B=0
heap_tree=empty
#-----------
snapshot=30
#-----------
time=2032972259
mem_heap_B=624556
mem_heap_extra_B=57588
mem_stacks_B=0
heap_tree=empty
#-----------
snapshot=31
#-----------
time=2088867983
mem_heap_B=241756
mem_heap_extra_B=18004
mem_stacks_B=0
heap_tree=empty
#-----------
snapshot=32
#-----------
time=2163058466
mem_heap_B=784636
mem_heap_extra_B=74132
mem_stacks_B=0
heap_tree=empty
#-----------
snapshot=33
#-----------
time=2212517762
mem_heap_B=634572
mem_heap_extra_B=58604
mem_stacks_B=0
heap_tree=empty
#-----------
snapshot=34
#-----------
time=2286716393
mem_heap_B=628964
mem_heap_extra_B=58012
mem_stacks_B=0
heap_tree=empty
#-----------
snapshot=35
#-----------
time=2336182286
mem_heap_B=995292
mem_heap_extra_B=95924
mem_stacks_B=0
heap_tree=empty
#-----------
snapshot=36
#-----------
time=2435107619
mem_heap_B=666548
mem_heap_extra_B=61900
mem_stacks_B=0
heap_tree=empty
#-----------
snapshot=37
#-----------
time=2534032223
mem_heap_B=343836
mem_heap_extra_B=28532
mem_stacks_B=0
heap_tree=empty
#-----------
snapshot=38
#-----------
time=2632952933
mem_heap_B=1088556
mem_heap_extra_B=105572
mem_stacks_B=0
heap_tree=empty
#-----------
snapshot=39
#-----------
time=2707148351
mem_heap_B=589060
mem_heap_extra_B=53884
mem_stacks_B=0
heap_tree=empty
#-----------
snapshot=40
#-----------
time=2756614916
mem_heap_B=965132
mem_heap_extra_B=92804
mem_stacks_B=0
heap_tree=detailed
n3: 965132 (heap allocation functions) malloc/new/new[], --alloc-fns, etc.
 n3: 888930 0x400D83F: reallocate (memory.c:59)
  n1: 733440 0x40102E6: adjustCapacity (table.c:61)
   n2: 733440 0x40104C8: tableSet (table.c:86)
    n1: 731136 0x400E575: nativeVector2 (natives.c:13)
     n1: 731136 0x401145F: callValue (vm.c:178)
      n1: 731136 0x4012851: run (vm.c:435)
       n1: 731136 0x4012A78: interpret (vm.c:478)
        n1: 731136 0x400D5FD: runFile (main.c:59)
         n0: 731136 0x400D673: main (main.c:73)
    n0: 2304 in 3 places, all below massif's threshold (1.00%)
  n2: 153880 0x400EFE3: allocateObject (object.c:15)
   n1: 152360 0x400F13F: newInstance (object.c:53)
    n1: 152360 0x400E525: nativeVector2 (natives.c:9)
     n1: 152360 0x401145F: callValue (vm.c:178)
      n1: 152360 0x4012851: run (vm.c:435)
       n1: 152360 0x4012A78: interpret (vm.c:478)
        n1: 152360 0x400D5FD: runFile (main.c:59)
         n0: 152360 0x400D673: main (main.c:73)
   n0: 1520 in 4 places, all below massif's threshold (1.00%)
  n0: 1610 in 4 places, all below massif's threshold (1.00%)
 n1: 73728 0x4C94B03: pool (eh_alloc.cc:235)
  n1: 73728 0x4C94B03: __static_initialization_and_destruction_0 (eh_alloc.cc:373)
   n1: 73728 0x4C94B03: _GLOBAL__sub_I_eh_alloc.cc (eh_alloc.cc:456)
    n1: 73728 0x41FE2A6: ??? (in /usr/lib/ld-linux-x86-64.so.2)
     n1: 73728 0x41FE37C: ??? (in /usr/lib/ld-linux-x86-64.so.2)
      n1: 73728 0x4216C9F: ??? (in /usr/lib/ld-linux-x86-64.so.2)
       n1: 73728 0x1: ???
        n1: 73728 0x1FFF0003A6: ???
         n0: 73728 0x1FFF0003BA: ???
 n0: 2474 in 7 places, all below massif's threshold (1.00%)
#-----------
snapshot=41
#-----------
time=2830809818
mem_heap_B=471436
mem_heap_extra_B=41732
mem_stacks_B=0
heap_tree=empty
#-----------
snapshot=42
#-----------
time=2880273827
mem_heap_B=850292
mem_heap_extra_B=80940
mem_stacks_B=0
heap_tree=empty
#-----------
snapshot=43
#-----------
time=2979199046
mem_heap_B=553100
mem_heap_extra_B=50180
mem_stacks_B=0
heap_tree=empty
#-----------
snapshot=44
#-----------
time=3078119204
mem_heap_B=261900
mem_heap_extra_B=20028
mem_stacks_B=0
heap_tree=empty
#-----------
snapshot=45
#-----------
time=3127582433
mem_heap_B=646364
mem_heap_extra_B=59828
mem_stacks_B=0
heap_tree=empty
#-----------
snapshot=46
#-----------
time=3177049670
mem_heap_B=1032180
mem_heap_extra_B=99756
mem_stacks_B=0
heap_tree=empty
#-----------
snapshot=47
#-----------
time=3226513256
mem_heap_B=364020
mem_heap_extra_B=30652
mem_stacks_B=0
heap_tree=empty
#-----------
snapshot=48
#-----------
time=3275978363
mem_heap_B=752156
mem_heap_extra_B=70772
mem_stacks_B=0
heap_tree=empty
#-----------
snapshot=49
#-----------
time=3325440137
mem_heap_B=777484
mem_heap_extra_B=73420
mem_stacks_B=0
heap_tree=empty
#-----------
snapshot=50
#-----------
time=3367058682
mem_heap_B=907132
mem_heap_extra_B=86820
mem_stacks_B=0
heap_tree=empty
#-----------
snapshot=51
#-----------
time=3408677204
mem_heap_B=1015748
mem_heap_extra_B=98084
mem_stacks_B=0
heap_tree=empty
#-----------
snapshot=52
#-----------
time=3450295745
mem_heap_B=1103444
mem_heap_extra_B=107140
mem_stacks_B=0
heap_tree=empty
#-----------
snapshot=53
#-----------
time=3491914490
mem_heap_B=1123084
mem_heap_extra_B=109132
mem_stacks_B=0
heap_tree=empty
#-----------
snapshot=54
#-----------
time=3533533445
mem_heap_B=1120804
mem_heap_extra_B=108940
mem_stacks_B=0
heap_tree=empty
#-----------
snapshot=55
#-----------
time=3575152076
mem_heap_B=1119836
mem_heap_extra_B=108828
mem_stacks_B=0
heap_tree=empty
#-----------
snapshot=56
#-----------
time=3616773923
mem_heap_B=1119644
mem_heap_extra_B=108836
mem_stacks_B=0
heap_tree=detailed
n3: 1119644 (heap allocation functions) malloc/new/new[], --alloc-fns, etc.
 n3: 1043442 0x400D83F: reallocate (memory.c:59)
  n1: 861312 0x40102E6: adjustCapacity (table.c:61)
   n2: 861312 0x40104C8: tableSet (table.c:86)
    n1: 859008 0x400E575: nativeVector2 (natives.c:13)
     n1: 859008 0x401145F: callValue (vm.c:178)
      n1: 859008 0x4012851: run (vm.c:435)
       n1: 859008 0x4012A78: interpret (vm.c:478)
        n1: 859008 0x400D5FD: runFile (main.c:59)
         n0: 859008 0x400D673: main (main.c:73)
    n0: 2304 in 3 places, all below massif's threshold (1.00%)
  n2: 180520 0x400EFE3: allocateObject (object.c:15)
   n1: 179000 0x400F13F: newInstance (object.c:53)
    n1: 179000 0x400E525: nativeVector2 (natives.c:9)
     n1: 179000 0x401145F: callValue (vm.c:178)
      n1: 179000 0x4012851: run (vm.c:435)
       n1: 179000 0x4012A78: interpret (vm.c:478)
        n1: 179000 0x400D5FD: runFile (main.c:59)
         n0: 179000 0x400D673: main (main.c:73)
   n0: 1520 in 4 places, all below massif's threshold (1.00%)
  n0: 1610 in 4 places, all below massif's threshold (1.00%)
 n1: 73728 0x4C94B03: pool (eh_alloc.cc:235)
  n1: 73728 0x4C94B03: __static_initialization_and_destruction_0 (eh_alloc.cc:373)
   n1: 73728 0x4C94B03: _GLOBAL__sub_I_eh_alloc.cc (eh_alloc.cc:456)
    n1: 73728 0x41FE2A6: ??? (in /usr/lib/ld-linux-x86-64.so.2)
     n1: 73728 0x41FE37C: ??? (in /usr/lib/ld-linux-x86-64.so.2)
      n1: 73728 0x4216C9F: ??? (in /usr/lib/ld-linux-x86-64.so.2)
       n1: 73728 0x1: ???
        n1: 73728 0x1FFF0003A6: ???
         n0: 73728 0x1FFF0003BA: ???
 n0: 2474 in 7 places, all below massif's threshold (1.00%)
#-----------
snapshot=57
#-----------
time=3658395182
mem_heap_B=1120572
mem_heap_extra_B=108900
mem_stacks_B=0
heap_tree=empty
#-----------
snapshot=58
#-----------
time=3700015589
mem_heap_B=1122428
mem_heap_extra_B=109108
mem_stacks_B=0
heap_tree=empty
#-----------
snapshot=59
#-----------
time=3741634121
mem_heap_B=1121308
mem_heap_extra_B=108988
mem_stacks_B=0
heap_tree=empty
#-----------
snapshot=60
#-----------
time=3783252645
mem_heap_B=1041460
mem_heap_extra_B=100732
mem_stacks_B=0
heap_tree=empty
#-----------
snapshot=61
#-----------
time=3824871231
mem_heap_B=940540
mem_heap_extra_B=90276
mem_stacks_B=0
heap_tree=empty
#-----------
snapshot=62
#-----------
time=3866489751
mem_heap_B=818740
mem_heap_extra_B=77644
mem_stacks_B=0
heap_tree=empty
#-----------
snapshot=63
#-----------
time=3908108333
mem_heap_B=675868
mem_heap_extra_B=62908
mem_stacks_B=0
heap_tree=empty
#-----------
snapshot=64
#-----------
time=3949726934
mem_heap_B=512076
mem_heap_extra_B=45964
mem_stacks_B=0
heap_tree=empty
#-----------
snapshot=65
#-----------
time=3991345469
mem_heap_B=327404
mem_heap_extra_B=26876
mem_stacks_B=0
heap_tree=empty
#-----------
snapshot=66
#-----------
time=4032964643
mem_heap_B=126220
mem_heap_extra_B=5988
mem_stacks_B=0
heap_tree=detailed
n3: 126220 (heap allocation functions) malloc/new/new[], --alloc-fns, etc.
 n1: 73728 0x4C94B03: pool (eh_alloc.cc:235)
  n1: 73728 0x4C94B03: __static_initialization_and_destruction_0 (eh_alloc.cc:373)
   n1: 73728 0x4C94B03: _GLOBAL__sub_I_eh_alloc.cc (eh_alloc.cc:456)
    n1: 73728 0x41FE2A6: ??? (in /usr/lib/ld-linux-x86-64.so.2)
     n1: 73728 0x41FE37C: ??? (in /usr/lib/ld-linux-x86-64.so.2)
      n1: 73728 0x4216C9F: ??? (in /usr/lib/ld-linux-x86-64.so.2)
       n1: 73728 0x1: ???
        n1: 73728 0x1FFF0003A6: ???
         n0: 73728 0x1FFF0003BA: ???
 n3: 50018 0x400D83F: reallocate (memory.c:59)
  n1: 39168 0x40102E6: adjustCapacity (table.c:61)
   n3: 39168 0x40104C8: tableSet (table.c:86)
    n1: 36864 0x400E575: nativeVector2 (natives.c:13)
     n1: 36864 0x401145F: callValue (vm.c:178)
      n1: 36864 0x4012851: run (vm.c:435)
       n1: 36864 0x4012A78: interpret (vm.c:478)
        n1: 36864 0x400D5FD: runFile (main.c:59)
         n0: 36864 0x400D673: main (main.c:73)
    n1: 1536 0x400F0D7: allocateString (object.c:40)
     n2: 1536 0x400F354: copyString (object.c:108)
      n1: 1536 0x400B962: string (compiler.c:509)
       n1: 1536 0x400B5B7: parsePrecedence (compiler.c:405)
        n1: 1536 0x400BAE8: expression (compiler.c:604)
         n1: 1536 0x400BDC9: printStatement (compiler.c:714)
          n1: 1536 0x400BF16: statement (compiler.c:758)
           n1: 1536 0x400C97E: declaration (compiler.c:1048)
            n1: 1536 0x400BAFB: block (compiler.c:610)
             n1: 1536 0x400BFA8: statement (compiler.c:774)
              n1: 1536 0x400BD75: ifStatement (compiler.c:703)
               n1: 1536 0x400BF33: statement (compiler.c:761)
                n1: 1536 0x400C97E: declaration (compiler.c:1048)
                 n1: 1536 0x400BAFB: block (compiler.c:610)
                  n1: 1536 0x400BFA8: statement (compiler.c:774)
                   n1: 1536 0x400BED9: whileStatement (compiler.c:748)
                    n1: 1536 0x400BF84: statement (compiler.c:770)
                     n1: 1536 0x400C97E: declaration (compiler.c:1048)
                      n1: 1536 0x400BAFB: block (compiler.c:610)
                       n1: 1536 0x400C0C6: function (compiler.c:812)
                        n1: 1536 0x400C2BE: functionDeclaration (compiler.c:861)
                         n1: 1536 0x400C8F3: declaration (compiler.c:1034)
                          n1: 1536 0x400C9FE: compile (compiler.c:1072)
                           n1: 1536 0x4012A1D: interpret (vm.c:472)
                            n1: 1536 0x400D5FD: runFile (main.c:59)
                             n0: 1536 0x400D673: main (main.c:73)
      n0: 0 in 3 places, all below massif's threshold (1.00%)
    n0: 768 in 2 places, all below massif's threshold (1.00%)
  n2: 9240 0x400EFE3: allocateObject (object.c:15)
   n1: 7720 0x400F13F: newInstance (object.c:53)
    n1: 7720 0x400E525: nativeVector2 (natives.c:9)
     n1: 7720 0x401145F: callValue (vm.c:178)
      n1: 7720 0x4012851: run (vm.c:435)
       n1: 7720 0x4012A78: interpret (vm.c:478)
        n1: 7720 0x400D5FD: runFile (main.c:59)
         n0: 7720 0x400D673: main (main.c:73)
   n0: 1520 in 4 places, all below massif's threshold (1.00%)
  n0: 1610 in 4 places, all below massif's threshold (1.00%)
 n0: 2474 in 7 places, all below massif's threshold (1.00%)
#-----------
snapshot=67
#-----------
time=4074586148
mem_heap_B=137356
mem_heap_extra_B=7156
mem_stacks_B=0
heap_tree=empty
#-----------
snapshot=68
#-----------
time=4116206801
mem_heap_B=149420
mem_heap_extra_B=8404
mem_stacks_B=0
heap_tree=empty
#-----------
snapshot=69
#-----------
time=4157826602
mem_heap_B=162412
mem_heap_extra_B=9748
mem_stacks_B=0
heap_tree=empty
#-----------
snapshot=70
#-----------
time=4199445551
mem_heap_B=176332
mem_heap_extra_B=11188
mem_stacks_B=0
heap_tree=empty
#-----------
snapshot=71
#-----------
time=4241068244
mem_heap_B=191412
mem_heap_extra_B=12748
mem_stacks_B=0
heap_tree=empty
#-----------
snapshot=72
#-----------
time=4282690085
mem_heap_B=207420
mem_heap_extra_B=14420
mem_stacks_B=0
heap_tree=empty
#-----------
snapshot=73
#-----------
time=4324311074
mem_heap_B=224356
mem_heap_extra_B=16172
mem_stacks_B=0
heap_tree=empty
#-----------
snapshot=74
#-----------
time=4365931211
mem_heap_B=242220
mem_heap_extra_B=18004
mem_stacks_B=0
heap_tree=empty
#-----------
snapshot=75
#-----------
time=4407550496
mem_heap_B=261012
mem_heap_extra_B=19948
mem_stacks_B=0
heap_tree=empty
#-----------
snapshot=76
#-----------
time=4449169193
mem_heap_B=280924
mem_heap_extra_B=21996
mem_stacks_B=0
heap_tree=detailed
n3: 280924 (heap allocation functions) malloc/new/new[], --alloc-fns, etc.
 n3: 204722 0x400D83F: reallocate (memory.c:59)
  n1: 167232 0x40102E6: adjustCapacity (table.c:61)
   n2: 167232 0x40104C8: tableSet (table.c:86)
    n1: 164928 0x400E575: nativeVector2 (natives.c:13)
     n1: 164928 0x401145F: callValue (vm.c:178)
      n1: 164928 0x4012851: run (vm.c:435)
       n1: 164928 0x4012A78: interpret (vm.c:478)
        n1: 164928 0x400D5FD: runFile (main.c:59)
         n0: 164928 0x400D673: main (main.c:73)
    n0: 2304 in 3 places, all below massif's threshold (1.00%)
  n2: 35880 0x400EFE3: allocateObject (object.c:15)
   n1: 34360 0x400F13F: newInstance (object.c:53)
    n1: 34360 0x400E525: nativeVector2 (natives.c:9)
     n1: 34360 0x401145F: callValue (vm.c:178)
      n1: 34360 0x4012851: run (vm.c:435)
       n1: 34360 0x4012A78: interpret (vm.c:478)
        n1: 34360 0x400D5FD: runFile (main.c:59)
         n0: 34360 0x400D673: main (main.c:73)
   n0: 1520 in 4 places, all below massif's threshold (1.00%)
  n0: 1610 in 4 places, all below massif's threshold (1.00%)
 n1: 73728 0x4C94B03: pool (eh_alloc.cc:235)
  n1: 73728 0x4C94B03: __static_initialization_and_destruction_0 (eh_alloc.cc:373)
   n1: 73728 0x4C94B03: _GLOBAL__sub_I_eh_alloc.cc (eh_alloc.cc:456)
    n1: 73728 0x41FE2A6: ??? (in /usr/lib/ld-linux-x86-64.so.2)
     n1: 73728 0x41FE37C: ??? (in /usr/lib/ld-linux-x86-64.so.2)
      n1: 73728 0x4216C9F: ??? (in /usr/lib/ld-linux-x86-64.so.2)
       n1: 73728 0x1: ???
        n1: 73728 0x1FFF0003A6: ???
         n0: 73728 0x1FFF0003BA: ???
 n0: 2474 in 7 places, all below massif's threshold (1.00%)
#-----------
snapshot=77
#-----------
time=4490791106
mem_heap_B=301612
mem_heap_extra_B=24148
mem_stacks_B=0
heap_tree=empty
#-----------
snapshot=78
#-----------
time=4532412431
mem_heap_B=323420
mem_heap_extra_B=26404
mem_stacks_B=0
heap_tree=empty
#-----------
snapshot=79
#-----------
time=4574032904
mem_heap_B=346156
mem_heap_extra_B=28772
mem_stacks_B=0
heap_tree=empty
#-----------
snapshot=80
#-----------
time=4615652525
mem_heap_B=369820
mem_heap_extra_B=31220
mem_stacks_B=0
heap_tree=empty
#-----------
snapshot=81
#-----------
time=4657271294
mem_heap_B=394412
mem_heap_extra_B=33764
mem_stacks_B=0
heap_tree=empty
#-----------
snapshot=82
#-----------
time=4698893807
mem_heap_B=420164
mem_heap_extra_B=36428
mem_stacks_B=0
heap_tree=empty
#-----------
snapshot=83
#-----------
time=4740515468
mem_heap_B=446844
mem_heap_extra_B=39172
mem_stacks_B=0
heap_tree=empty
#-----------
snapshot=84
#-----------
time=4782136277
mem_heap_B=474452
mem_heap_extra_B=42028
mem_stacks_B=0
heap_tree=empty
#-----------
snapshot=85
#-----------
time=4823756234
mem_heap_B=502988
mem_heap_extra_B=44980
mem_stacks_B=0
heap_tree=empty
