desc: --massif-out-file=scripts/valgrind_logs/def_gar2-2.out
cmd: ./bin/Debug/graphiC scripts/2-low_mortality_rate.txt
time_unit: i
#-----------
snapshot=0
#-----------
time=0
mem_heap_B=0
mem_heap_extra_B=0
mem_stacks_B=0
heap_tree=empty
#-----------
snapshot=1
#-----------
time=11123150
mem_heap_B=490792
mem_heap_extra_B=43760
mem_stacks_B=0
heap_tree=empty
#-----------
snapshot=2
#-----------
time=19605150
mem_heap_B=954792
mem_heap_extra_B=91760
mem_stacks_B=0
heap_tree=empty
#-----------
snapshot=3
#-----------
time=25572144
mem_heap_B=1124392
mem_heap_extra_B=109248
mem_stacks_B=0
heap_tree=detailed
n3: 1124392 (heap allocation functions) malloc/new/new[], --alloc-fns, etc.
 n3: 1048753 0x400D83F: reallocate (memory.c:59)
  n1: 866112 0x40102E6: adjustCapacity (table.c:61)
   n2: 866112 0x40104C8: tableSet (table.c:86)
    n1: 863808 0x400E575: nativeVector2 (natives.c:13)
     n1: 863808 0x401145F: callValue (vm.c:178)
      n1: 863808 0x4012851: run (vm.c:435)
       n1: 863808 0x4012A78: interpret (vm.c:478)
        n1: 863808 0x400D5FD: runFile (main.c:59)
         n0: 863808 0x400D673: main (main.c:73)
    n0: 2304 in 3 places, all below massif's threshold (1.00%)
  n2: 181440 0x400EFE3: allocateObject (object.c:15)
   n1: 179960 0x400F13F: newInstance (object.c:53)
    n1: 179960 0x400E525: nativeVector2 (natives.c:9)
     n1: 179960 0x401145F: callValue (vm.c:178)
      n1: 179960 0x4012851: run (vm.c:435)
       n1: 179960 0x4012A78: interpret (vm.c:478)
        n1: 179960 0x400D5FD: runFile (main.c:59)
         n0: 179960 0x400D673: main (main.c:73)
   n0: 1480 in 4 places, all below massif's threshold (1.00%)
  n0: 1201 in 4 places, all below massif's threshold (1.00%)
 n1: 73728 0x4C94B03: pool (eh_alloc.cc:235)
  n1: 73728 0x4C94B03: __static_initialization_and_destruction_0 (eh_alloc.cc:373)
   n1: 73728 0x4C94B03: _GLOBAL__sub_I_eh_alloc.cc (eh_alloc.cc:456)
    n1: 73728 0x41FE2A6: ??? (in /usr/lib/ld-linux-x86-64.so.2)
     n1: 73728 0x41FE37C: ??? (in /usr/lib/ld-linux-x86-64.so.2)
      n1: 73728 0x4216C9F: ??? (in /usr/lib/ld-linux-x86-64.so.2)
       n1: 73728 0x1: ???
        n1: 73728 0x1FFF0003A2: ???
         n0: 73728 0x1FFF0003B6: ???
 n0: 1911 in 7 places, all below massif's threshold (1.00%)
#-----------
snapshot=4
#-----------
time=33078450
mem_heap_B=1534840
mem_heap_extra_B=151736
mem_stacks_B=0
heap_tree=empty
#-----------
snapshot=5
#-----------
time=44741200
mem_heap_B=2172840
mem_heap_extra_B=217736
mem_stacks_B=0
heap_tree=empty
#-----------
snapshot=6
#-----------
time=50386586
mem_heap_B=2173264
mem_heap_extra_B=217768
mem_stacks_B=0
heap_tree=empty
#-----------
snapshot=7
#-----------
time=57765662
mem_heap_B=2576752
mem_heap_extra_B=259520
mem_stacks_B=0
heap_tree=empty
#-----------
snapshot=8
#-----------
time=66247662
mem_heap_B=3040752
mem_heap_extra_B=307520
mem_stacks_B=0
heap_tree=empty
#-----------
snapshot=9
#-----------
time=74729662
mem_heap_B=3504752
mem_heap_extra_B=355520
mem_stacks_B=0
heap_tree=empty
#-----------
snapshot=10
#-----------
time=83211662
mem_heap_B=3968752
mem_heap_extra_B=403520
mem_stacks_B=0
heap_tree=empty
#-----------
snapshot=11
#-----------
time=88739208
mem_heap_B=4270816
mem_heap_extra_B=434768
mem_stacks_B=0
heap_tree=peak
n3: 4270816 (heap allocation functions) malloc/new/new[], --alloc-fns, etc.
 n3: 4195177 0x400D83F: reallocate (memory.c:59)
  n1: 3470016 0x40102E6: adjustCapacity (table.c:61)
   n2: 3470016 0x40104C8: tableSet (table.c:86)
    n1: 3467712 0x400E575: nativeVector2 (natives.c:13)
     n1: 3467712 0x401145F: callValue (vm.c:178)
      n1: 3467712 0x4012851: run (vm.c:435)
       n1: 3467712 0x4012A78: interpret (vm.c:478)
        n1: 3467712 0x400D5FD: runFile (main.c:59)
         n0: 3467712 0x400D673: main (main.c:73)
    n0: 2304 in 3 places, all below massif's threshold (1.00%)
  n2: 723960 0x400EFE3: allocateObject (object.c:15)
   n1: 722480 0x400F13F: newInstance (object.c:53)
    n1: 722480 0x400E525: nativeVector2 (natives.c:9)
     n1: 722480 0x401145F: callValue (vm.c:178)
      n1: 722480 0x4012851: run (vm.c:435)
       n1: 722480 0x4012A78: interpret (vm.c:478)
        n1: 722480 0x400D5FD: runFile (main.c:59)
         n0: 722480 0x400D673: main (main.c:73)
   n0: 1480 in 4 places, all below massif's threshold (1.00%)
  n0: 1201 in 4 places, all below massif's threshold (1.00%)
 n1: 73728 0x4C94B03: pool (eh_alloc.cc:235)
  n1: 73728 0x4C94B03: __static_initialization_and_destruction_0 (eh_alloc.cc:373)
   n1: 73728 0x4C94B03: _GLOBAL__sub_I_eh_alloc.cc (eh_alloc.cc:456)
    n1: 73728 0x41FE2A6: ??? (in /usr/lib/ld-linux-x86-64.so.2)
     n1: 73728 0x41FE37C: ??? (in /usr/lib/ld-linux-x86-64.so.2)
      n1: 73728 0x4216C9F: ??? (in /usr/lib/ld-linux-x86-64.so.2)
       n1: 73728 0x1: ???
        n1: 73728 0x1FFF0003A2: ???
         n0: 73728 0x1FFF0003B6: ???
 n0: 1911 in 7 places, all below massif's threshold (1.00%)
#-----------
snapshot=12
#-----------
time=100210949
mem_heap_B=2695768
mem_heap_extra_B=271832
mem_stacks_B=0
heap_tree=empty
#-----------
snapshot=13
#-----------
time=112425029
mem_heap_B=3363928
mem_heap_extra_B=340952
mem_stacks_B=0
heap_tree=empty
#-----------
snapshot=14
#-----------
time=124639109
mem_heap_B=4032088
mem_heap_extra_B=410072
mem_stacks_B=0
heap_tree=empty
#-----------
snapshot=15
#-----------
time=131295023
mem_heap_B=2192792
mem_heap_extra_B=219800
mem_stacks_B=0
heap_tree=empty
#-----------
snapshot=16
#-----------
time=138504723
mem_heap_B=2587192
mem_heap_extra_B=260616
mem_stacks_B=0
heap_tree=empty
#-----------
snapshot=17
#-----------
time=145714423
mem_heap_B=2981592
mem_heap_extra_B=301416
mem_stacks_B=0
heap_tree=empty
#-----------
snapshot=18
#-----------
time=152924123
mem_heap_B=3375992
mem_heap_extra_B=342216
mem_stacks_B=0
heap_tree=empty
#-----------
snapshot=19
#-----------
time=160133823
mem_heap_B=3770392
mem_heap_extra_B=383016
mem_stacks_B=0
heap_tree=empty
#-----------
snapshot=20
#-----------
time=167343523
mem_heap_B=4164792
mem_heap_extra_B=423816
mem_stacks_B=0
heap_tree=empty
#-----------
snapshot=21
#-----------
time=172748768
mem_heap_B=2256592
mem_heap_extra_B=226400
mem_stacks_B=0
heap_tree=empty
#-----------
snapshot=22
#-----------
time=179958468
mem_heap_B=2650992
mem_heap_extra_B=267200
mem_stacks_B=0
heap_tree=empty
#-----------
snapshot=23
#-----------
time=187168168
mem_heap_B=3045392
mem_heap_extra_B=308016
mem_stacks_B=0
heap_tree=empty
#-----------
snapshot=24
#-----------
time=194377868
mem_heap_B=3439792
mem_heap_extra_B=348816
mem_stacks_B=0
heap_tree=empty
#-----------
snapshot=25
#-----------
time=201587568
mem_heap_B=3834192
mem_heap_extra_B=389616
mem_stacks_B=0
heap_tree=detailed
n3: 3834192 (heap allocation functions) malloc/new/new[], --alloc-fns, etc.
 n3: 3758553 0x400D83F: reallocate (memory.c:59)
  n1: 3108672 0x40102E6: adjustCapacity (table.c:61)
   n2: 3108672 0x40104C8: tableSet (table.c:86)
    n1: 3106368 0x400E575: nativeVector2 (natives.c:13)
     n1: 3106368 0x401145F: callValue (vm.c:178)
      n1: 3106368 0x4012851: run (vm.c:435)
       n1: 3106368 0x4012A78: interpret (vm.c:478)
        n1: 3106368 0x400D5FD: runFile (main.c:59)
         n0: 3106368 0x400D673: main (main.c:73)
    n0: 2304 in 3 places, all below massif's threshold (1.00%)
  n2: 648680 0x400EFE3: allocateObject (object.c:15)
   n1: 647200 0x400F13F: newInstance (object.c:53)
    n1: 647200 0x400E525: nativeVector2 (natives.c:9)
     n1: 647200 0x401145F: callValue (vm.c:178)
      n1: 647200 0x4012851: run (vm.c:435)
       n1: 647200 0x4012A78: interpret (vm.c:478)
        n1: 647200 0x400D5FD: runFile (main.c:59)
         n0: 647200 0x400D673: main (main.c:73)
   n0: 1480 in 4 places, all below massif's threshold (1.00%)
  n0: 1201 in 4 places, all below massif's threshold (1.00%)
 n1: 73728 0x4C94B03: pool (eh_alloc.cc:235)
  n1: 73728 0x4C94B03: __static_initialization_and_destruction_0 (eh_alloc.cc:373)
   n1: 73728 0x4C94B03: _GLOBAL__sub_I_eh_alloc.cc (eh_alloc.cc:456)
    n1: 73728 0x41FE2A6: ??? (in /usr/lib/ld-linux-x86-64.so.2)
     n1: 73728 0x41FE37C: ??? (in /usr/lib/ld-linux-x86-64.so.2)
      n1: 73728 0x4216C9F: ??? (in /usr/lib/ld-linux-x86-64.so.2)
       n1: 73728 0x1: ???
        n1: 73728 0x1FFF0003A2: ???
         n0: 73728 0x1FFF0003B6: ???
 n0: 1911 in 7 places, all below massif's threshold (1.00%)
#-----------
snapshot=26
#-----------
time=212400514
mem_heap_B=2221328
mem_heap_extra_B=222768
mem_stacks_B=0
heap_tree=empty
#-----------
snapshot=27
#-----------
time=224084469
mem_heap_B=2860488
mem_heap_extra_B=288888
mem_stacks_B=0
heap_tree=empty
#-----------
snapshot=28
#-----------
time=230361149
mem_heap_B=3203848
mem_heap_extra_B=324424
mem_stacks_B=0
heap_tree=empty
#-----------
snapshot=29
#-----------
time=236637829
mem_heap_B=3547208
mem_heap_extra_B=359944
mem_stacks_B=0
heap_tree=empty
#-----------
snapshot=30
#-----------
time=242914509
mem_heap_B=3890568
mem_heap_extra_B=395464
mem_stacks_B=0
heap_tree=empty
#-----------
snapshot=31
#-----------
time=252332592
mem_heap_B=2200912
mem_heap_extra_B=220640
mem_stacks_B=0
heap_tree=detailed
n3: 2200912 (heap allocation functions) malloc/new/new[], --alloc-fns, etc.
 n3: 2125273 0x400D83F: reallocate (memory.c:59)
  n1: 1756992 0x40102E6: adjustCapacity (table.c:61)
   n2: 1756992 0x40104C8: tableSet (table.c:86)
    n1: 1754688 0x400E575: nativeVector2 (natives.c:13)
     n1: 1754688 0x401145F: callValue (vm.c:178)
      n1: 1754688 0x4012851: run (vm.c:435)
       n1: 1754688 0x4012A78: interpret (vm.c:478)
        n1: 1754688 0x400D5FD: runFile (main.c:59)
         n0: 1754688 0x400D673: main (main.c:73)
    n0: 2304 in 3 places, all below massif's threshold (1.00%)
  n2: 367080 0x400EFE3: allocateObject (object.c:15)
   n1: 365600 0x400F13F: newInstance (object.c:53)
    n1: 365600 0x400E525: nativeVector2 (natives.c:9)
     n1: 365600 0x401145F: callValue (vm.c:178)
      n1: 365600 0x4012851: run (vm.c:435)
       n1: 365600 0x4012A78: interpret (vm.c:478)
        n1: 365600 0x400D5FD: runFile (main.c:59)
         n0: 365600 0x400D673: main (main.c:73)
   n0: 1480 in 4 places, all below massif's threshold (1.00%)
  n0: 1201 in 4 places, all below massif's threshold (1.00%)
 n1: 73728 0x4C94B03: pool (eh_alloc.cc:235)
  n1: 73728 0x4C94B03: __static_initialization_and_destruction_0 (eh_alloc.cc:373)
   n1: 73728 0x4C94B03: _GLOBAL__sub_I_eh_alloc.cc (eh_alloc.cc:456)
    n1: 73728 0x41FE2A6: ??? (in /usr/lib/ld-linux-x86-64.so.2)
     n1: 73728 0x41FE37C: ??? (in /usr/lib/ld-linux-x86-64.so.2)
      n1: 73728 0x4216C9F: ??? (in /usr/lib/ld-linux-x86-64.so.2)
       n1: 73728 0x1: ???
        n1: 73728 0x1FFF0003A2: ???
         n0: 73728 0x1FFF0003B6: ???
 n0: 1911 in 7 places, all below massif's threshold (1.00%)
#-----------
snapshot=32
#-----------
time=258609272
mem_heap_B=2544272
mem_heap_extra_B=256176
mem_stacks_B=0
heap_tree=empty
#-----------
snapshot=33
#-----------
time=264885952
mem_heap_B=2887632
mem_heap_extra_B=291696
mem_stacks_B=0
heap_tree=empty
#-----------
snapshot=34
#-----------
time=271162632
mem_heap_B=3230992
mem_heap_extra_B=327232
mem_stacks_B=0
heap_tree=empty
#-----------
snapshot=35
#-----------
time=277439312
mem_heap_B=3574352
mem_heap_extra_B=362752
mem_stacks_B=0
heap_tree=empty
#-----------
snapshot=36
#-----------
time=283715992
mem_heap_B=3917712
mem_heap_extra_B=398288
mem_stacks_B=0
heap_tree=detailed
n3: 3917712 (heap allocation functions) malloc/new/new[], --alloc-fns, etc.
 n3: 3842073 0x400D83F: reallocate (memory.c:59)
  n1: 3177792 0x40102E6: adjustCapacity (table.c:61)
   n2: 3177792 0x40104C8: tableSet (table.c:86)
    n1: 3175488 0x400E575: nativeVector2 (natives.c:13)
     n1: 3175488 0x401145F: callValue (vm.c:178)
      n1: 3175488 0x4012851: run (vm.c:435)
       n1: 3175488 0x4012A78: interpret (vm.c:478)
        n1: 3175488 0x400D5FD: runFile (main.c:59)
         n0: 3175488 0x400D673: main (main.c:73)
    n0: 2304 in 3 places, all below massif's threshold (1.00%)
  n2: 663080 0x400EFE3: allocateObject (object.c:15)
   n1: 661600 0x400F13F: newInstance (object.c:53)
    n1: 661600 0x400E525: nativeVector2 (natives.c:9)
     n1: 661600 0x401145F: callValue (vm.c:178)
      n1: 661600 0x4012851: run (vm.c:435)
       n1: 661600 0x4012A78: interpret (vm.c:478)
        n1: 661600 0x400D5FD: runFile (main.c:59)
         n0: 661600 0x400D673: main (main.c:73)
   n0: 1480 in 4 places, all below massif's threshold (1.00%)
  n0: 1201 in 4 places, all below massif's threshold (1.00%)
 n1: 73728 0x4C94B03: pool (eh_alloc.cc:235)
  n1: 73728 0x4C94B03: __static_initialization_and_destruction_0 (eh_alloc.cc:373)
   n1: 73728 0x4C94B03: _GLOBAL__sub_I_eh_alloc.cc (eh_alloc.cc:456)
    n1: 73728 0x41FE2A6: ??? (in /usr/lib/ld-linux-x86-64.so.2)
     n1: 73728 0x41FE37C: ??? (in /usr/lib/ld-linux-x86-64.so.2)
      n1: 73728 0x4216C9F: ??? (in /usr/lib/ld-linux-x86-64.so.2)
       n1: 73728 0x1: ???
        n1: 73728 0x1FFF0003A2: ???
         n0: 73728 0x1FFF0003B6: ???
 n0: 1911 in 7 places, all below massif's threshold (1.00%)
#-----------
snapshot=37
#-----------
time=293134501
mem_heap_B=2227592
mem_heap_extra_B=223416
mem_stacks_B=0
heap_tree=empty
#-----------
snapshot=38
#-----------
time=299411181
mem_heap_B=2570952
mem_heap_extra_B=258936
mem_stacks_B=0
heap_tree=empty
#-----------
snapshot=39
#-----------
time=305687861
mem_heap_B=2914312
mem_heap_extra_B=294456
mem_stacks_B=0
heap_tree=empty
#-----------
snapshot=40
#-----------
time=311964541
mem_heap_B=3257672
mem_heap_extra_B=329992
mem_stacks_B=0
heap_tree=empty
#-----------
snapshot=41
#-----------
time=318241221
mem_heap_B=3601032
mem_heap_extra_B=365512
mem_stacks_B=0
heap_tree=empty
#-----------
snapshot=42
#-----------
time=324517901
mem_heap_B=3944392
mem_heap_extra_B=401032
mem_stacks_B=0
heap_tree=empty
#-----------
snapshot=43
#-----------
time=333932595
mem_heap_B=2253576
mem_heap_extra_B=226104
mem_stacks_B=0
heap_tree=empty
#-----------
snapshot=44
#-----------
time=340209275
mem_heap_B=2596936
mem_heap_extra_B=261624
mem_stacks_B=0
heap_tree=empty
#-----------
snapshot=45
#-----------
time=346485955
mem_heap_B=2940296
mem_heap_extra_B=297144
mem_stacks_B=0
heap_tree=detailed
n3: 2940296 (heap allocation functions) malloc/new/new[], --alloc-fns, etc.
 n3: 2864657 0x400D83F: reallocate (memory.c:59)
  n1: 2368896 0x40102E6: adjustCapacity (table.c:61)
   n2: 2368896 0x40104C8: tableSet (table.c:86)
    n1: 2366592 0x400E575: nativeVector2 (natives.c:13)
     n1: 2366592 0x401145F: callValue (vm.c:178)
      n1: 2366592 0x4012851: run (vm.c:435)
       n1: 2366592 0x4012A78: interpret (vm.c:478)
        n1: 2366592 0x400D5FD: runFile (main.c:59)
         n0: 2366592 0x400D673: main (main.c:73)
    n0: 2304 in 3 places, all below massif's threshold (1.00%)
  n2: 494560 0x400EFE3: allocateObject (object.c:15)
   n1: 493080 0x400F13F: newInstance (object.c:53)
    n1: 493080 0x400E525: nativeVector2 (natives.c:9)
     n1: 493080 0x401145F: callValue (vm.c:178)
      n1: 493080 0x4012851: run (vm.c:435)
       n1: 493080 0x4012A78: interpret (vm.c:478)
        n1: 493080 0x400D5FD: runFile (main.c:59)
         n0: 493080 0x400D673: main (main.c:73)
   n0: 1480 in 4 places, all below massif's threshold (1.00%)
  n0: 1201 in 4 places, all below massif's threshold (1.00%)
 n1: 73728 0x4C94B03: pool (eh_alloc.cc:235)
  n1: 73728 0x4C94B03: __static_initialization_and_destruction_0 (eh_alloc.cc:373)
   n1: 73728 0x4C94B03: _GLOBAL__sub_I_eh_alloc.cc (eh_alloc.cc:456)
    n1: 73728 0x41FE2A6: ??? (in /usr/lib/ld-linux-x86-64.so.2)
     n1: 73728 0x41FE37C: ??? (in /usr/lib/ld-linux-x86-64.so.2)
      n1: 73728 0x4216C9F: ??? (in /usr/lib/ld-linux-x86-64.so.2)
       n1: 73728 0x1: ???
        n1: 73728 0x1FFF0003A2: ???
         n0: 73728 0x1FFF0003B6: ???
 n0: 1911 in 7 places, all below massif's threshold (1.00%)
#-----------
snapshot=46
#-----------
time=352762635
mem_heap_B=3283656
mem_heap_extra_B=332664
mem_stacks_B=0
heap_tree=empty
#-----------
snapshot=47
#-----------
time=359039315
mem_heap_B=3627016
mem_heap_extra_B=368200
mem_stacks_B=0
heap_tree=empty
#-----------
snapshot=48
#-----------
time=365315995
mem_heap_B=3970376
mem_heap_extra_B=403720
mem_stacks_B=0
heap_tree=empty
#-----------
snapshot=49
#-----------
time=374731115
mem_heap_B=2279096
mem_heap_extra_B=228728
mem_stacks_B=0
heap_tree=empty
#-----------
snapshot=50
#-----------
time=380138390
mem_heap_B=2574896
mem_heap_extra_B=259344
mem_stacks_B=0
heap_tree=detailed
n3: 2574896 (heap allocation functions) malloc/new/new[], --alloc-fns, etc.
 n3: 2499257 0x400D83F: reallocate (memory.c:59)
  n1: 2066496 0x40102E6: adjustCapacity (table.c:61)
   n2: 2066496 0x40104C8: tableSet (table.c:86)
    n1: 2064192 0x400E575: nativeVector2 (natives.c:13)
     n1: 2064192 0x401145F: callValue (vm.c:178)
      n1: 2064192 0x4012851: run (vm.c:435)
       n1: 2064192 0x4012A78: interpret (vm.c:478)
        n1: 2064192 0x400D5FD: runFile (main.c:59)
         n0: 2064192 0x400D673: main (main.c:73)
    n0: 2304 in 3 places, all below massif's threshold (1.00%)
  n2: 431560 0x400EFE3: allocateObject (object.c:15)
   n1: 430080 0x400F13F: newInstance (object.c:53)
    n1: 430080 0x400E525: nativeVector2 (natives.c:9)
     n1: 430080 0x401145F: callValue (vm.c:178)
      n1: 430080 0x4012851: run (vm.c:435)
       n1: 430080 0x4012A78: interpret (vm.c:478)
        n1: 430080 0x400D5FD: runFile (main.c:59)
         n0: 430080 0x400D673: main (main.c:73)
   n0: 1480 in 4 places, all below massif's threshold (1.00%)
  n0: 1201 in 4 places, all below massif's threshold (1.00%)
 n1: 73728 0x4C94B03: pool (eh_alloc.cc:235)
  n1: 73728 0x4C94B03: __static_initialization_and_destruction_0 (eh_alloc.cc:373)
   n1: 73728 0x4C94B03: _GLOBAL__sub_I_eh_alloc.cc (eh_alloc.cc:456)
    n1: 73728 0x41FE2A6: ??? (in /usr/lib/ld-linux-x86-64.so.2)
     n1: 73728 0x41FE37C: ??? (in /usr/lib/ld-linux-x86-64.so.2)
      n1: 73728 0x4216C9F: ??? (in /usr/lib/ld-linux-x86-64.so.2)
       n1: 73728 0x1: ???
        n1: 73728 0x1FFF0003A2: ???
         n0: 73728 0x1FFF0003B6: ???
 n0: 1911 in 7 places, all below massif's threshold (1.00%)
#-----------
snapshot=51
#-----------
time=385545665
mem_heap_B=2870696
mem_heap_extra_B=289944
mem_stacks_B=0
heap_tree=empty
#-----------
snapshot=52
#-----------
time=390952940
mem_heap_B=3166496
mem_heap_extra_B=320544
mem_stacks_B=0
heap_tree=empty
#-----------
snapshot=53
#-----------
time=396360215
mem_heap_B=3462296
mem_heap_extra_B=351160
mem_stacks_B=0
heap_tree=empty
#-----------
snapshot=54
#-----------
time=401767490
mem_heap_B=3758096
mem_heap_extra_B=381760
mem_stacks_B=0
heap_tree=empty
#-----------
snapshot=55
#-----------
time=407174765
mem_heap_B=4053896
mem_heap_extra_B=412360
mem_stacks_B=0
heap_tree=empty
#-----------
snapshot=56
#-----------
time=412580024
mem_heap_B=2863776
mem_heap_extra_B=289240
mem_stacks_B=0
heap_tree=empty
#-----------
snapshot=57
#-----------
time=417985600
mem_heap_B=2438480
mem_heap_extra_B=245216
mem_stacks_B=0
heap_tree=empty
#-----------
snapshot=58
#-----------
time=423392875
mem_heap_B=2734280
mem_heap_extra_B=275832
mem_stacks_B=0
heap_tree=empty
#-----------
snapshot=59
#-----------
time=428800150
mem_heap_B=3030080
mem_heap_extra_B=306432
mem_stacks_B=0
heap_tree=empty
#-----------
snapshot=60
#-----------
time=434207425
mem_heap_B=3325880
mem_heap_extra_B=337032
mem_stacks_B=0
heap_tree=detailed
n3: 3325880 (heap allocation functions) malloc/new/new[], --alloc-fns, etc.
 n3: 3250241 0x400D83F: reallocate (memory.c:59)
  n1: 2688000 0x40102E6: adjustCapacity (table.c:61)
   n2: 2688000 0x40104C8: tableSet (table.c:86)
    n1: 2685696 0x400E575: nativeVector2 (natives.c:13)
     n1: 2685696 0x401145F: callValue (vm.c:178)
      n1: 2685696 0x4012851: run (vm.c:435)
       n1: 2685696 0x4012A78: interpret (vm.c:478)
        n1: 2685696 0x400D5FD: runFile (main.c:59)
         n0: 2685696 0x400D673: main (main.c:73)
    n0: 2304 in 3 places, all below massif's threshold (1.00%)
  n2: 561040 0x400EFE3: allocateObject (object.c:15)
   n1: 559560 0x400F13F: newInstance (object.c:53)
    n1: 559560 0x400E525: nativeVector2 (natives.c:9)
     n1: 559560 0x401145F: callValue (vm.c:178)
      n1: 559560 0x4012851: run (vm.c:435)
       n1: 559560 0x4012A78: interpret (vm.c:478)
        n1: 559560 0x400D5FD: runFile (main.c:59)
         n0: 559560 0x400D673: main (main.c:73)
   n0: 1480 in 4 places, all below massif's threshold (1.00%)
  n0: 1201 in 4 places, all below massif's threshold (1.00%)
 n1: 73728 0x4C94B03: pool (eh_alloc.cc:235)
  n1: 73728 0x4C94B03: __static_initialization_and_destruction_0 (eh_alloc.cc:373)
   n1: 73728 0x4C94B03: _GLOBAL__sub_I_eh_alloc.cc (eh_alloc.cc:456)
    n1: 73728 0x41FE2A6: ??? (in /usr/lib/ld-linux-x86-64.so.2)
     n1: 73728 0x41FE37C: ??? (in /usr/lib/ld-linux-x86-64.so.2)
      n1: 73728 0x4216C9F: ??? (in /usr/lib/ld-linux-x86-64.so.2)
       n1: 73728 0x1: ???
        n1: 73728 0x1FFF0003A2: ???
         n0: 73728 0x1FFF0003B6: ???
 n0: 1911 in 7 places, all below massif's threshold (1.00%)
#-----------
snapshot=61
#-----------
time=439614700
mem_heap_B=3621680
mem_heap_extra_B=367648
mem_stacks_B=0
heap_tree=empty
#-----------
snapshot=62
#-----------
time=445021975
mem_heap_B=3917480
mem_heap_extra_B=398248
mem_stacks_B=0
heap_tree=empty
#-----------
snapshot=63
#-----------
time=450429250
mem_heap_B=4213280
mem_heap_extra_B=428864
mem_stacks_B=0
heap_tree=empty
