desc: --massif-out-file=scripts/valgrind_logs/def_gar1-2.out
cmd: ./bin/Debug/graphiC scripts/1-high_mortality_rate.txt
time_unit: i
#-----------
snapshot=0
#-----------
time=0
mem_heap_B=0
mem_heap_extra_B=0
mem_stacks_B=0
heap_tree=empty
#-----------
snapshot=1
#-----------
time=3624127
mem_heap_B=280346
mem_heap_extra_B=29286
mem_stacks_B=0
heap_tree=empty
#-----------
snapshot=2
#-----------
time=8019327
mem_heap_B=651546
mem_heap_extra_B=67686
mem_stacks_B=0
heap_tree=empty
#-----------
snapshot=3
#-----------
time=10793797
mem_heap_B=885866
mem_heap_extra_B=91926
mem_stacks_B=0
heap_tree=empty
#-----------
snapshot=4
#-----------
time=12725528
mem_heap_B=1048818
mem_heap_extra_B=108766
mem_stacks_B=0
heap_tree=peak
n2: 1048818 (heap allocation functions) malloc/new/new[], --alloc-fns, etc.
 n3: 1048559 0x115D30: reallocate (memory.c:59)
  n1: 866688 0x117EDD: adjustCapacity (table.c:61)
   n2: 866688 0x1180C1: tableSet (table.c:86)
    n1: 866112 0x1169F7: nativeVector2 (natives.c:11)
     n1: 866112 0x118F67: callValue (vm.c:158)
      n1: 866112 0x11A1DD: run (vm.c:415)
       n1: 866112 0x11A3FA: interpret (vm.c:458)
        n1: 866112 0x115AE3: runFile (main.c:59)
         n0: 866112 0x115B5D: main (main.c:73)
    n0: 576 in 2 places, all below massif's threshold (1.00%)
  n2: 181040 0x116CBD: allocateObject (object.c:15)
   n1: 180440 0x116E40: newInstance (object.c:53)
    n1: 180440 0x11699C: nativeVector2 (natives.c:7)
     n1: 180440 0x118F67: callValue (vm.c:158)
      n1: 180440 0x11A1DD: run (vm.c:415)
       n1: 180440 0x11A3FA: interpret (vm.c:458)
        n1: 180440 0x115AE3: runFile (main.c:59)
         n0: 180440 0x115B5D: main (main.c:73)
   n0: 600 in 4 places, all below massif's threshold (1.00%)
  n0: 831 in 4 places, all below massif's threshold (1.00%)
 n0: 259 in 4 places, all below massif's threshold (1.00%)
#-----------
snapshot=5
#-----------
time=15399926
mem_heap_B=146610
mem_heap_extra_B=15446
mem_stacks_B=0
heap_tree=empty
#-----------
snapshot=6
#-----------
time=18201866
mem_heap_B=383250
mem_heap_extra_B=39926
mem_stacks_B=0
heap_tree=empty
#-----------
snapshot=7
#-----------
time=21366410
mem_heap_B=650514
mem_heap_extra_B=67574
mem_stacks_B=0
heap_tree=empty
#-----------
snapshot=8
#-----------
time=24530954
mem_heap_B=917778
mem_heap_extra_B=95222
mem_stacks_B=0
heap_tree=empty
#-----------
snapshot=9
#-----------
time=27900402
mem_heap_B=73994
mem_heap_extra_B=7934
mem_stacks_B=0
heap_tree=detailed
n2: 73994 (heap allocation functions) malloc/new/new[], --alloc-fns, etc.
 n3: 73735 0x115D30: reallocate (memory.c:59)
  n1: 59904 0x117EDD: adjustCapacity (table.c:61)
   n2: 59904 0x1180C1: tableSet (table.c:86)
    n1: 59328 0x1169F7: nativeVector2 (natives.c:11)
     n1: 59328 0x118F67: callValue (vm.c:158)
      n1: 59328 0x11A1DD: run (vm.c:415)
       n1: 59328 0x11A3FA: interpret (vm.c:458)
        n1: 59328 0x115AE3: runFile (main.c:59)
         n0: 59328 0x115B5D: main (main.c:73)
    n0: 576 in 2 places, all below massif's threshold (1.00%)
  n2: 13000 0x116CBD: allocateObject (object.c:15)
   n1: 12400 0x116E40: newInstance (object.c:53)
    n1: 12400 0x11699C: nativeVector2 (natives.c:7)
     n1: 12400 0x118F67: callValue (vm.c:158)
      n1: 12400 0x11A1DD: run (vm.c:415)
       n1: 12400 0x11A3FA: interpret (vm.c:458)
        n1: 12400 0x115AE3: runFile (main.c:59)
         n0: 12400 0x115B5D: main (main.c:73)
   n0: 600 in 4 places, all below massif's threshold (1.00%)
  n0: 831 in 4 places, all below massif's threshold (1.00%)
 n0: 259 in 4 places, all below massif's threshold (1.00%)
#-----------
snapshot=10
#-----------
time=30295786
mem_heap_B=276298
mem_heap_extra_B=28862
mem_stacks_B=0
heap_tree=empty
#-----------
snapshot=11
#-----------
time=32691170
mem_heap_B=478602
mem_heap_extra_B=49790
mem_stacks_B=0
heap_tree=empty
#-----------
snapshot=12
#-----------
time=35086554
mem_heap_B=680906
mem_heap_extra_B=70718
mem_stacks_B=0
heap_tree=empty
#-----------
snapshot=13
#-----------
time=37481938
mem_heap_B=883210
mem_heap_extra_B=91646
mem_stacks_B=0
heap_tree=empty
#-----------
snapshot=14
#-----------
time=40473483
mem_heap_B=7642
mem_heap_extra_B=1070
mem_stacks_B=0
heap_tree=empty
#-----------
snapshot=15
#-----------
time=43368821
mem_heap_B=252170
mem_heap_extra_B=26366
mem_stacks_B=0
heap_tree=detailed
n2: 252170 (heap allocation functions) malloc/new/new[], --alloc-fns, etc.
 n3: 251911 0x115D30: reallocate (memory.c:59)
  n1: 207360 0x117EDD: adjustCapacity (table.c:61)
   n2: 207360 0x1180C1: tableSet (table.c:86)
    n1: 206784 0x1169F7: nativeVector2 (natives.c:11)
     n1: 206784 0x118F67: callValue (vm.c:158)
      n1: 206784 0x11A1DD: run (vm.c:415)
       n1: 206784 0x11A3FA: interpret (vm.c:458)
        n1: 206784 0x115AE3: runFile (main.c:59)
         n0: 206784 0x115B5D: main (main.c:73)
    n0: 576 in 2 places, all below massif's threshold (1.00%)
  n2: 43720 0x116CBD: allocateObject (object.c:15)
   n1: 43120 0x116E40: newInstance (object.c:53)
    n1: 43120 0x11699C: nativeVector2 (natives.c:7)
     n1: 43120 0x118F67: callValue (vm.c:158)
      n1: 43120 0x11A1DD: run (vm.c:415)
       n1: 43120 0x11A3FA: interpret (vm.c:458)
        n1: 43120 0x115AE3: runFile (main.c:59)
         n0: 43120 0x115B5D: main (main.c:73)
   n0: 600 in 4 places, all below massif's threshold (1.00%)
  n0: 831 in 4 places, all below massif's threshold (1.00%)
 n0: 259 in 4 places, all below massif's threshold (1.00%)
#-----------
snapshot=16
#-----------
time=47764021
mem_heap_B=623370
mem_heap_extra_B=64766
mem_stacks_B=0
heap_tree=empty
#-----------
snapshot=17
#-----------
time=49961621
mem_heap_B=808970
mem_heap_extra_B=83966
mem_stacks_B=0
heap_tree=empty
#-----------
snapshot=18
#-----------
time=52159221
mem_heap_B=994570
mem_heap_extra_B=103166
mem_stacks_B=0
heap_tree=empty
#-----------
snapshot=19
#-----------
time=54906560
mem_heap_B=98546
mem_heap_extra_B=10462
mem_stacks_B=0
heap_tree=empty
#-----------
snapshot=20
#-----------
time=57104160
mem_heap_B=284146
mem_heap_extra_B=29662
mem_stacks_B=0
heap_tree=empty
#-----------
snapshot=21
#-----------
time=59301760
mem_heap_B=469746
mem_heap_extra_B=48862
mem_stacks_B=0
heap_tree=empty
#-----------
snapshot=22
#-----------
time=61499360
mem_heap_B=655346
mem_heap_extra_B=68062
mem_stacks_B=0
heap_tree=empty
#-----------
snapshot=23
#-----------
time=63696960
mem_heap_B=840946
mem_heap_extra_B=87262
mem_stacks_B=0
heap_tree=empty
#-----------
snapshot=24
#-----------
time=65894560
mem_heap_B=1026546
mem_heap_extra_B=106462
mem_stacks_B=0
heap_tree=empty
#-----------
snapshot=25
#-----------
time=68644092
mem_heap_B=130370
mem_heap_extra_B=13766
mem_stacks_B=0
heap_tree=empty
#-----------
snapshot=26
#-----------
time=70841692
mem_heap_B=315970
mem_heap_extra_B=32966
mem_stacks_B=0
heap_tree=empty
#-----------
snapshot=27
#-----------
time=73039292
mem_heap_B=501570
mem_heap_extra_B=52166
mem_stacks_B=0
heap_tree=empty
#-----------
snapshot=28
#-----------
time=75236892
mem_heap_B=687170
mem_heap_extra_B=71366
mem_stacks_B=0
heap_tree=empty
#-----------
snapshot=29
#-----------
time=77434492
mem_heap_B=872770
mem_heap_extra_B=90566
mem_stacks_B=0
heap_tree=empty
#-----------
snapshot=30
#-----------
time=79632193
mem_heap_B=928218
mem_heap_extra_B=96302
mem_stacks_B=0
heap_tree=empty
#-----------
snapshot=31
#-----------
time=82928831
mem_heap_B=208746
mem_heap_extra_B=21862
mem_stacks_B=0
heap_tree=detailed
n2: 208746 (heap allocation functions) malloc/new/new[], --alloc-fns, etc.
 n3: 208487 0x115D30: reallocate (memory.c:59)
  n1: 171456 0x117EDD: adjustCapacity (table.c:61)
   n2: 171456 0x1180C1: tableSet (table.c:86)
    n1: 170880 0x1169F7: nativeVector2 (natives.c:11)
     n1: 170880 0x118F67: callValue (vm.c:158)
      n1: 170880 0x11A1DD: run (vm.c:415)
       n1: 170880 0x11A3FA: interpret (vm.c:458)
        n1: 170880 0x115AE3: runFile (main.c:59)
         n0: 170880 0x115B5D: main (main.c:73)
    n0: 576 in 2 places, all below massif's threshold (1.00%)
  n2: 36200 0x116CBD: allocateObject (object.c:15)
   n1: 35600 0x116E40: newInstance (object.c:53)
    n1: 35600 0x11699C: nativeVector2 (natives.c:7)
     n1: 35600 0x118F67: callValue (vm.c:158)
      n1: 35600 0x11A1DD: run (vm.c:415)
       n1: 35600 0x11A3FA: interpret (vm.c:458)
        n1: 35600 0x115AE3: runFile (main.c:59)
         n0: 35600 0x115B5D: main (main.c:73)
   n0: 600 in 4 places, all below massif's threshold (1.00%)
  n0: 831 in 4 places, all below massif's threshold (1.00%)
 n0: 259 in 4 places, all below massif's threshold (1.00%)
#-----------
snapshot=32
#-----------
time=85126431
mem_heap_B=394346
mem_heap_extra_B=41062
mem_stacks_B=0
heap_tree=empty
#-----------
snapshot=33
#-----------
time=87324031
mem_heap_B=579946
mem_heap_extra_B=60262
mem_stacks_B=0
heap_tree=empty
#-----------
snapshot=34
#-----------
time=89521631
mem_heap_B=765546
mem_heap_extra_B=79462
mem_stacks_B=0
heap_tree=empty
#-----------
snapshot=35
#-----------
time=91719231
mem_heap_B=951146
mem_heap_extra_B=98662
mem_stacks_B=0
heap_tree=empty
#-----------
snapshot=36
#-----------
time=93916893
mem_heap_B=8530
mem_heap_extra_B=1150
mem_stacks_B=0
heap_tree=detailed
n4: 8530 (heap allocation functions) malloc/new/new[], --alloc-fns, etc.
 n5: 8271 0x115D30: reallocate (memory.c:59)
  n1: 5760 0x117EDD: adjustCapacity (table.c:61)
   n3: 5760 0x1180C1: tableSet (table.c:86)
    n1: 5184 0x1169F7: nativeVector2 (natives.c:11)
     n1: 5184 0x118F67: callValue (vm.c:158)
      n1: 5184 0x11A1DD: run (vm.c:415)
       n1: 5184 0x11A3FA: interpret (vm.c:458)
        n1: 5184 0x115AE3: runFile (main.c:59)
         n0: 5184 0x115B5D: main (main.c:73)
    n1: 384 0x116DCF: allocateString (object.c:40)
     n2: 384 0x11706F: copyString (object.c:108)
      n1: 384 0x118A2B: defineNative (vm.c:52)
       n1: 384 0x118B0E: defineRaylibNatives (vm.c:63)
        n1: 384 0x118CA1: initVM (vm.c:102)
         n0: 384 0x115B32: main (main.c:67)
      n0: 0 in 1 place, below massif's threshold (1.00%)
    n1: 192 0x118AB0: defineNative (vm.c:54)
     n1: 192 0x118C97: initVM (vm.c:101)
      n0: 192 0x115B32: main (main.c:67)
  n4: 1680 0x116CBD: allocateObject (object.c:15)
   n1: 1080 0x116E40: newInstance (object.c:53)
    n1: 1080 0x11699C: nativeVector2 (natives.c:7)
     n1: 1080 0x118F67: callValue (vm.c:158)
      n1: 1080 0x11A1DD: run (vm.c:415)
       n1: 1080 0x11A3FA: interpret (vm.c:458)
        n1: 1080 0x115AE3: runFile (main.c:59)
         n0: 1080 0x115B5D: main (main.c:73)
   n1: 360 0x116D30: allocateString (object.c:34)
    n1: 360 0x11706F: copyString (object.c:108)
     n0: 360 in 7 places, all below massif's threshold (1.00%)
   n1: 144 0x116E81: newFunction (object.c:60)
    n1: 144 0x113468: initCompiler (compiler.c:128)
     n0: 144 in 2 places, all below massif's threshold (1.00%)
   n0: 96 in 2 places, all below massif's threshold (1.00%)
  n1: 384 0x118512: writeValueArray (value.c:18)
   n1: 384 0x11331F: addConstant (chunk.c:41)
    n1: 384 0x113B3E: makeConstant (compiler.c:312)
     n2: 384 0x113890: identifierConstant (compiler.c:239)
      n1: 256 0x114C97: namedVariable (compiler.c:889)
       n1: 256 0x113FFF: variable (compiler.c:453)
        n1: 256 0x113BC0: parsePrecedence (compiler.c:336)
         n1: 256 0x1140D4: expression (compiler.c:535)
          n1: 256 0x114CC3: namedVariable (compiler.c:895)
           n1: 256 0x113FFF: variable (compiler.c:453)
            n1: 256 0x113BC0: parsePrecedence (compiler.c:336)
             n1: 256 0x1140D4: expression (compiler.c:535)
              n1: 256 0x11419E: expressionStatement (compiler.c:569)
               n1: 256 0x1145D9: statement (compiler.c:709)
                n1: 256 0x114FF2: declaration (compiler.c:979)
                 n1: 256 0x1140EB: block (compiler.c:541)
                  n1: 256 0x1145C3: statement (compiler.c:705)
                   n1: 256 0x1144F0: whileStatement (compiler.c:679)
                    n1: 256 0x11459F: statement (compiler.c:701)
                     n1: 256 0x114FF2: declaration (compiler.c:979)
                      n1: 256 0x1140EB: block (compiler.c:541)
                       n1: 256 0x1146FB: function (compiler.c:743)
                        n1: 256 0x11490E: functionDeclaration (compiler.c:792)
                         n1: 256 0x114F67: declaration (compiler.c:965)
                          n1: 256 0x11508B: compile (compiler.c:1003)
                           n1: 256 0x11A394: interpret (vm.c:452)
                            n1: 256 0x115AE3: runFile (main.c:59)
                             n0: 256 0x115B5D: main (main.c:73)
      n2: 128 0x114EC4: parseVariable (compiler.c:941)
       n1: 128 0x1148A6: functionDeclaration (compiler.c:786)
        n1: 128 0x114F67: declaration (compiler.c:965)
         n1: 128 0x11508B: compile (compiler.c:1003)
          n1: 128 0x11A394: interpret (vm.c:452)
           n1: 128 0x115AE3: runFile (main.c:59)
            n0: 128 0x115B5D: main (main.c:73)
       n0: 0 in 1 place, below massif's threshold (1.00%)
  n1: 320 0x11327F: writeChunk (chunk.c:30)
   n2: 320 0x11391D: emitByte (compiler.c:255)
    n1: 256 0x1139FA: emitLoop (compiler.c:277)
     n1: 256 0x1144FA: whileStatement (compiler.c:681)
      n1: 256 0x11459F: statement (compiler.c:701)
       n1: 256 0x114FF2: declaration (compiler.c:979)
        n1: 256 0x1140EB: block (compiler.c:541)
         n1: 256 0x1146FB: function (compiler.c:743)
          n1: 256 0x11490E: functionDeclaration (compiler.c:792)
           n1: 256 0x114F67: declaration (compiler.c:965)
            n1: 256 0x11508B: compile (compiler.c:1003)
             n1: 256 0x11A394: interpret (vm.c:452)
              n1: 256 0x115AE3: runFile (main.c:59)
               n0: 256 0x115B5D: main (main.c:73)
    n0: 64 in 4 places, all below massif's threshold (1.00%)
  n0: 127 in 2 places, all below massif's threshold (1.00%)
 n1: 131 0x115A0D: readFile (main.c:39)
  n1: 131 0x115AD3: runFile (main.c:58)
   n0: 131 0x115B5D: main (main.c:73)
 n2: 128 0x115FF5: markObject (memory.c:141)
  n1: 128 0x118430: markTable (table.c:158)
   n1: 128 0x116259: markRoots (memory.c:187)
    n1: 128 0x1168A3: collectGarbage (memory.c:402)
     n1: 128 0x115C7E: reallocate (memory.c:41)
      n1: 128 0x116CBD: allocateObject (object.c:15)
       n1: 128 0x116E40: newInstance (object.c:53)
        n1: 128 0x11699C: nativeVector2 (natives.c:7)
         n1: 128 0x118F67: callValue (vm.c:158)
          n1: 128 0x11A1DD: run (vm.c:415)
           n1: 128 0x11A3FA: interpret (vm.c:458)
            n1: 128 0x115AE3: runFile (main.c:59)
             n0: 128 0x115B5D: main (main.c:73)
  n0: 0 in 1 place, below massif's threshold (1.00%)
 n0: 0 in 2 places, all below massif's threshold (1.00%)
#-----------
snapshot=37
#-----------
time=96114493
mem_heap_B=194130
mem_heap_extra_B=20350
mem_stacks_B=0
heap_tree=empty
#-----------
snapshot=38
#-----------
time=98312093
mem_heap_B=379730
mem_heap_extra_B=39550
mem_stacks_B=0
heap_tree=empty
#-----------
snapshot=39
#-----------
time=100509693
mem_heap_B=565330
mem_heap_extra_B=58750
mem_stacks_B=0
heap_tree=empty
#-----------
snapshot=40
#-----------
time=102707293
mem_heap_B=750930
mem_heap_extra_B=77950
mem_stacks_B=0
heap_tree=empty
#-----------
snapshot=41
#-----------
time=104904893
mem_heap_B=936530
mem_heap_extra_B=97150
mem_stacks_B=0
heap_tree=detailed
n2: 936530 (heap allocation functions) malloc/new/new[], --alloc-fns, etc.
 n3: 936271 0x115D30: reallocate (memory.c:59)
  n1: 773760 0x117EDD: adjustCapacity (table.c:61)
   n2: 773760 0x1180C1: tableSet (table.c:86)
    n1: 773184 0x1169F7: nativeVector2 (natives.c:11)
     n1: 773184 0x118F67: callValue (vm.c:158)
      n1: 773184 0x11A1DD: run (vm.c:415)
       n1: 773184 0x11A3FA: interpret (vm.c:458)
        n1: 773184 0x115AE3: runFile (main.c:59)
         n0: 773184 0x115B5D: main (main.c:73)
    n0: 576 in 2 places, all below massif's threshold (1.00%)
  n2: 161680 0x116CBD: allocateObject (object.c:15)
   n1: 161080 0x116E40: newInstance (object.c:53)
    n1: 161080 0x11699C: nativeVector2 (natives.c:7)
     n1: 161080 0x118F67: callValue (vm.c:158)
      n1: 161080 0x11A1DD: run (vm.c:415)
       n1: 161080 0x11A3FA: interpret (vm.c:458)
        n1: 161080 0x115AE3: runFile (main.c:59)
         n0: 161080 0x115B5D: main (main.c:73)
   n0: 600 in 4 places, all below massif's threshold (1.00%)
  n0: 831 in 4 places, all below massif's threshold (1.00%)
 n0: 259 in 4 places, all below massif's threshold (1.00%)
#-----------
snapshot=42
#-----------
time=107102579
mem_heap_B=112002
mem_heap_extra_B=11854
mem_stacks_B=0
heap_tree=empty
#-----------
snapshot=43
#-----------
time=110401425
mem_heap_B=272354
mem_heap_extra_B=28454
mem_stacks_B=0
heap_tree=empty
#-----------
snapshot=44
#-----------
time=112599025
mem_heap_B=457954
mem_heap_extra_B=47654
mem_stacks_B=0
heap_tree=empty
#-----------
snapshot=45
#-----------
time=114796625
mem_heap_B=643554
mem_heap_extra_B=66854
mem_stacks_B=0
heap_tree=empty
#-----------
snapshot=46
#-----------
time=116994225
mem_heap_B=829154
mem_heap_extra_B=86054
mem_stacks_B=0
heap_tree=empty
#-----------
snapshot=47
#-----------
time=119191825
mem_heap_B=1014754
mem_heap_extra_B=105254
mem_stacks_B=0
heap_tree=empty
#-----------
snapshot=48
#-----------
time=121389487
mem_heap_B=72138
mem_heap_extra_B=7742
mem_stacks_B=0
heap_tree=empty
#-----------
snapshot=49
#-----------
time=124685887
mem_heap_B=350538
mem_heap_extra_B=36542
mem_stacks_B=0
heap_tree=empty
#-----------
snapshot=50
#-----------
time=126619775
mem_heap_B=513866
mem_heap_extra_B=53438
mem_stacks_B=0
heap_tree=empty
#-----------
snapshot=51
#-----------
time=128553663
mem_heap_B=677194
mem_heap_extra_B=70334
mem_stacks_B=0
heap_tree=detailed
n2: 677194 (heap allocation functions) malloc/new/new[], --alloc-fns, etc.
 n3: 676935 0x115D30: reallocate (memory.c:59)
  n1: 559104 0x117EDD: adjustCapacity (table.c:61)
   n2: 559104 0x1180C1: tableSet (table.c:86)
    n1: 558528 0x1169F7: nativeVector2 (natives.c:11)
     n1: 558528 0x118F67: callValue (vm.c:158)
      n1: 558528 0x11A1DD: run (vm.c:415)
       n1: 558528 0x11A3FA: interpret (vm.c:458)
        n1: 558528 0x115AE3: runFile (main.c:59)
         n0: 558528 0x115B5D: main (main.c:73)
    n0: 576 in 2 places, all below massif's threshold (1.00%)
  n2: 117000 0x116CBD: allocateObject (object.c:15)
   n1: 116400 0x116E40: newInstance (object.c:53)
    n1: 116400 0x11699C: nativeVector2 (natives.c:7)
     n1: 116400 0x118F67: callValue (vm.c:158)
      n1: 116400 0x11A1DD: run (vm.c:415)
       n1: 116400 0x11A3FA: interpret (vm.c:458)
        n1: 116400 0x115AE3: runFile (main.c:59)
         n0: 116400 0x115B5D: main (main.c:73)
   n0: 600 in 4 places, all below massif's threshold (1.00%)
  n0: 831 in 4 places, all below massif's threshold (1.00%)
 n0: 259 in 4 places, all below massif's threshold (1.00%)
#-----------
snapshot=52
#-----------
time=130487551
mem_heap_B=840522
mem_heap_extra_B=87230
mem_stacks_B=0
heap_tree=empty
#-----------
snapshot=53
#-----------
time=132421439
mem_heap_B=1003850
mem_heap_extra_B=104126
mem_stacks_B=0
heap_tree=empty
#-----------
snapshot=54
#-----------
time=134355389
mem_heap_B=38962
mem_heap_extra_B=4310
mem_stacks_B=0
heap_tree=empty
#-----------
snapshot=55
#-----------
time=136289277
mem_heap_B=202290
mem_heap_extra_B=21206
mem_stacks_B=0
heap_tree=empty
#-----------
snapshot=56
#-----------
time=138223165
mem_heap_B=365618
mem_heap_extra_B=38102
mem_stacks_B=0
heap_tree=empty
#-----------
snapshot=57
#-----------
time=140157053
mem_heap_B=528946
mem_heap_extra_B=54998
mem_stacks_B=0
heap_tree=empty
#-----------
snapshot=58
#-----------
time=142090941
mem_heap_B=692274
mem_heap_extra_B=71894
mem_stacks_B=0
heap_tree=empty
#-----------
snapshot=59
#-----------
time=144024829
mem_heap_B=855602
mem_heap_extra_B=88790
mem_stacks_B=0
heap_tree=empty
#-----------
snapshot=60
#-----------
time=145958717
mem_heap_B=1018930
mem_heap_extra_B=105686
mem_stacks_B=0
heap_tree=empty
#-----------
snapshot=61
#-----------
time=147892667
mem_heap_B=54042
mem_heap_extra_B=5870
mem_stacks_B=0
heap_tree=detailed
n2: 54042 (heap allocation functions) malloc/new/new[], --alloc-fns, etc.
 n3: 53783 0x115D30: reallocate (memory.c:59)
  n1: 43392 0x117EDD: adjustCapacity (table.c:61)
   n2: 43392 0x1180C1: tableSet (table.c:86)
    n1: 42816 0x1169F7: nativeVector2 (natives.c:11)
     n1: 42816 0x118F67: callValue (vm.c:158)
      n1: 42816 0x11A1DD: run (vm.c:415)
       n1: 42816 0x11A3FA: interpret (vm.c:458)
        n1: 42816 0x115AE3: runFile (main.c:59)
         n0: 42816 0x115B5D: main (main.c:73)
    n0: 576 in 2 places, all below massif's threshold (1.00%)
  n2: 9560 0x116CBD: allocateObject (object.c:15)
   n1: 8960 0x116E40: newInstance (object.c:53)
    n1: 8960 0x11699C: nativeVector2 (natives.c:7)
     n1: 8960 0x118F67: callValue (vm.c:158)
      n1: 8960 0x11A1DD: run (vm.c:415)
       n1: 8960 0x11A3FA: interpret (vm.c:458)
        n1: 8960 0x115AE3: runFile (main.c:59)
         n0: 8960 0x115B5D: main (main.c:73)
   n0: 600 in 4 places, all below massif's threshold (1.00%)
  n0: 831 in 4 places, all below massif's threshold (1.00%)
 n0: 259 in 4 places, all below massif's threshold (1.00%)
